<?xml version="1.0" encoding="UTF-8"?>
<robot generator="Robot 7.3.2 (Python 3.12.3 on linux)" generated="2025-09-24T16:22:59.002476" rpa="false" schemaversion="5">
<suite id="s1" name="Final Activity" source="/home/citco/Desktop/QA Automation/test_qa_1/Tests/final_activity.robot">
<kw name="Launch Browser" type="SETUP">
<kw name="Open Browser" owner="SeleniumLibrary">
<msg time="2025-09-24T16:22:59.338657" level="INFO">Opening browser 'chrome' to base url 'http://marmelab.com/react-admin-demo'.</msg>
<arg>${url}</arg>
<arg>chrome</arg>
<arg>options=add_argument("--start-maximized")</arg>
<doc>Opens a new browser instance to the optional ``url``.</doc>
<status status="PASS" start="2025-09-24T16:22:59.337656" elapsed="3.425549"/>
</kw>
<kw name="Wait Until Keyword Succeeds" owner="BuiltIn">
<kw name="Wait Until Element Is Visible" owner="SeleniumLibrary">
<arg>${element_to_wait}</arg>
<doc>Waits until the element ``locator`` is visible.</doc>
<status status="PASS" start="2025-09-24T16:23:02.764050" elapsed="0.662245"/>
</kw>
<arg>5x</arg>
<arg>.5s</arg>
<arg>Wait Until Element Is Visible</arg>
<arg>${element_to_wait}</arg>
<doc>Runs the specified keyword and retries if it fails.</doc>
<status status="PASS" start="2025-09-24T16:23:02.763577" elapsed="0.662933"/>
</kw>
<arg>${website_url}</arg>
<arg>${login_txt_username}</arg>
<status status="PASS" start="2025-09-24T16:22:59.336214" elapsed="4.090489"/>
</kw>
<test id="s1-t1" name="TEST-000001" line="8">
<kw name="Login User">
<kw name="Input Text" owner="SeleniumLibrary">
<msg time="2025-09-24T16:23:03.430795" level="INFO">Typing text 'demo' into text field '//*[@id=":r0:"]'.</msg>
<arg>${login_txt_username}</arg>
<arg>${username}</arg>
<doc>Types the given ``text`` into the text field identified by ``locator``.</doc>
<status status="PASS" start="2025-09-24T16:23:03.429691" elapsed="0.270209"/>
</kw>
<kw name="Input Text" owner="SeleniumLibrary">
<msg time="2025-09-24T16:23:03.700699" level="INFO">Typing text 'demo' into text field '//*[@id=":r2:"]'.</msg>
<arg>${login_txt_password}</arg>
<arg>${password}</arg>
<doc>Types the given ``text`` into the text field identified by ``locator``.</doc>
<status status="PASS" start="2025-09-24T16:23:03.700254" elapsed="0.196163"/>
</kw>
<kw name="Click Button" owner="SeleniumLibrary">
<msg time="2025-09-24T16:23:03.897200" level="INFO">Clicking button '//*[@id="root"]/div/div/form/div/button'.</msg>
<arg>${login_btn_submit}</arg>
<doc>Clicks the button identified by ``locator``.</doc>
<status status="PASS" start="2025-09-24T16:23:03.896719" elapsed="0.262946"/>
</kw>
<arg>${username_login}</arg>
<arg>${password_login}</arg>
<status status="PASS" start="2025-09-24T16:23:03.428844" elapsed="0.731041"/>
</kw>
<kw name="Run Keyword And Return Status" owner="BuiltIn">
<kw name="Wait Until Element Is Visible" owner="SeleniumLibrary">
<arg>${nav_btn_customer}</arg>
<doc>Waits until the element ``locator`` is visible.</doc>
<status status="PASS" start="2025-09-24T16:23:04.163641" elapsed="0.399656"/>
</kw>
<msg time="2025-09-24T16:23:04.563587" level="INFO">${status} = True</msg>
<var>${status}</var>
<arg>Wait Until Element Is Visible</arg>
<arg>${nav_btn_customer}</arg>
<doc>Runs the given keyword with given arguments and returns the status as a Boolean value.</doc>
<status status="PASS" start="2025-09-24T16:23:04.163230" elapsed="0.400643"/>
</kw>
<kw name="Check Is Login">
<if>
<branch type="IF" condition="${status}">
<kw name="Log To Console" owner="BuiltIn">
<arg>Login Successful</arg>
<doc>Logs the given message to the console.</doc>
<status status="PASS" start="2025-09-24T16:23:04.568168" elapsed="0.002054"/>
</kw>
<status status="PASS" start="2025-09-24T16:23:04.566926" elapsed="0.003442"/>
</branch>
<branch type="ELSE">
<kw name="Log To Console" owner="BuiltIn">
<arg>Login Failed</arg>
<doc>Logs the given message to the console.</doc>
<status status="NOT RUN" start="2025-09-24T16:23:04.571035" elapsed="0.000113"/>
</kw>
<status status="NOT RUN" start="2025-09-24T16:23:04.570544" elapsed="0.000709"/>
</branch>
<status status="PASS" start="2025-09-24T16:23:04.566858" elapsed="0.004483"/>
</if>
<arg>${status}</arg>
<status status="PASS" start="2025-09-24T16:23:04.566261" elapsed="0.005221"/>
</kw>
<kw name="Get Five Users" owner="api">
<msg time="2025-09-24T16:23:04.856234" level="INFO">&lt;bound method Response.json of &lt;Response [200]&gt;&gt;</msg>
<msg time="2025-09-24T16:23:04.856382" level="INFO">/home/citco/robot-env/lib/python3.12/site-packages/urllib3/connectionpool.py:1097: InsecureRequestWarning: Unverified HTTPS request is being made to host 'jsonplaceholder.typicode.com'. Adding certificate verification is strongly advised. See: https://urllib3.readthedocs.io/en/latest/advanced-usage.html#tls-warnings
  warnings.warn(</msg>
<msg time="2025-09-24T16:23:04.856720" level="INFO">${users} = [{'id': 1, 'name': 'Leanne Graham', 'username': 'Bret', 'email': 'Sincere@april.biz', 'address': {'street': 'Kulas Light', 'suite': 'Apt. 556', 'city': 'Gwenborough', 'zipcode': '92998-3874', 'geo': {...</msg>
<var>${users}</var>
<status status="PASS" start="2025-09-24T16:23:04.572757" elapsed="0.284045"/>
</kw>
<for flavor="IN">
<iter>
<kw name="Create User" owner="CustomerPage">
<kw name="Random Birthday" owner="api">
<msg time="2025-09-24T16:23:04.859136" level="INFO">${birthday} = 09-22-2008</msg>
<var>${birthday}</var>
<status status="PASS" start="2025-09-24T16:23:04.858738" elapsed="0.000472"/>
</kw>
<kw name="Go To Customer Page" owner="CustomerPage">
<kw name="Wait Until Keyword Succeeds" owner="BuiltIn">
<kw name="Click Element" owner="SeleniumLibrary">
<msg time="2025-09-24T16:23:04.860885" level="INFO">Clicking element '//a[@href="#/customers"]'.</msg>
<arg>${nav_btn_customer}</arg>
<doc>Click the element identified by ``locator``.</doc>
<status status="PASS" start="2025-09-24T16:23:04.860448" elapsed="2.207772"/>
</kw>
<arg>5x</arg>
<arg>1s</arg>
<arg>Click Element</arg>
<arg>${nav_btn_customer}</arg>
<doc>Runs the specified keyword and retries if it fails.</doc>
<status status="PASS" start="2025-09-24T16:23:04.860015" elapsed="2.208382"/>
</kw>
<kw name="Refresh Current Page" owner="App">
<kw name="Click Button" owner="SeleniumLibrary">
<msg time="2025-09-24T16:23:07.070949" level="INFO">Clicking button '//button[@aria-label="Refresh"]'.</msg>
<arg>${btn_refresh}</arg>
<doc>Clicks the button identified by ``locator``.</doc>
<status status="PASS" start="2025-09-24T16:23:07.070419" elapsed="1.141104"/>
</kw>
<kw name="Wait Until Element Is Visible" owner="SeleniumLibrary">
<arg>${loading_icon}</arg>
<doc>Waits until the element ``locator`` is visible.</doc>
<status status="PASS" start="2025-09-24T16:23:08.211841" elapsed="0.042769"/>
</kw>
<kw name="Wait Until Element Is Not Visible" owner="SeleniumLibrary">
<arg>${loading_icon}</arg>
<doc>Waits until the element ``locator`` is not visible.</doc>
<status status="PASS" start="2025-09-24T16:23:08.254910" elapsed="0.607511"/>
</kw>
<status status="PASS" start="2025-09-24T16:23:07.069558" elapsed="1.793263"/>
</kw>
<status status="PASS" start="2025-09-24T16:23:04.859521" elapsed="4.003594"/>
</kw>
<kw name="Wait Until Keyword Succeeds" owner="BuiltIn">
<kw name="Wait Until Element Is Visible" owner="SeleniumLibrary">
<arg>${customer_btn_create}</arg>
<doc>Waits until the element ``locator`` is visible.</doc>
<status status="PASS" start="2025-09-24T16:23:08.865689" elapsed="0.075855"/>
</kw>
<arg>5x</arg>
<arg>.5s</arg>
<arg>Wait Until Element Is Visible</arg>
<arg>${customer_btn_create}</arg>
<doc>Runs the specified keyword and retries if it fails.</doc>
<status status="PASS" start="2025-09-24T16:23:08.863869" elapsed="0.077983"/>
</kw>
<kw name="Click Element" owner="SeleniumLibrary">
<msg time="2025-09-24T16:23:08.943160" level="INFO">Clicking element '//a[@aria-label="Create"]'.</msg>
<arg>${customer_btn_create}</arg>
<doc>Click the element identified by ``locator``.</doc>
<status status="PASS" start="2025-09-24T16:23:08.942394" elapsed="0.207288"/>
</kw>
<kw name="Wait Until Element Is Visible" owner="SeleniumLibrary">
<arg>${customer_txt_firstname}</arg>
<doc>Waits until the element ``locator`` is visible.</doc>
<status status="PASS" start="2025-09-24T16:23:09.150039" elapsed="0.283875"/>
</kw>
<kw name="Set Variable And Input Text" owner="CustomerPage">
<kw name="Input Text" owner="SeleniumLibrary">
<msg time="2025-09-24T16:23:09.436753" level="INFO">Typing text 'Leanne' into text field '//input[@name="first_name"]'.</msg>
<arg>${element_to_input}</arg>
<arg>${value}</arg>
<doc>Types the given ``text`` into the text field identified by ``locator``.</doc>
<status status="PASS" start="2025-09-24T16:23:09.436338" elapsed="0.216618"/>
</kw>
<return>
<value>${value}</value>
<status status="PASS" start="2025-09-24T16:23:09.653173" elapsed="0.000138"/>
</return>
<msg time="2025-09-24T16:23:09.653675" level="INFO">${first_name} = Leanne</msg>
<var>${first_name}</var>
<arg>${user["name"].split(" ")[0]}</arg>
<arg>${customer_txt_firstname}</arg>
<status status="PASS" start="2025-09-24T16:23:09.434588" elapsed="0.219156"/>
</kw>
<kw name="Set Variable And Input Text" owner="CustomerPage">
<kw name="Input Text" owner="SeleniumLibrary">
<msg time="2025-09-24T16:23:09.660289" level="INFO">Typing text 'Graham' into text field '//input[@name="last_name"]'.</msg>
<arg>${element_to_input}</arg>
<arg>${value}</arg>
<doc>Types the given ``text`` into the text field identified by ``locator``.</doc>
<status status="PASS" start="2025-09-24T16:23:09.657622" elapsed="0.243480"/>
</kw>
<return>
<value>${value}</value>
<status status="PASS" start="2025-09-24T16:23:09.901309" elapsed="0.000137"/>
</return>
<msg time="2025-09-24T16:23:09.901889" level="INFO">${last_name} = Graham</msg>
<var>${last_name}</var>
<arg>${user["name"].split(" ")[1]}</arg>
<arg>${customer_txt_lastname}</arg>
<status status="PASS" start="2025-09-24T16:23:09.656174" elapsed="0.247455"/>
</kw>
<kw name="Set Variable And Input Text" owner="CustomerPage">
<kw name="Input Text" owner="SeleniumLibrary">
<msg time="2025-09-24T16:23:09.907957" level="INFO">Typing text 'Sincere@april.biz' into text field '//input[@name="email"]'.</msg>
<arg>${element_to_input}</arg>
<arg>${value}</arg>
<doc>Types the given ``text`` into the text field identified by ``locator``.</doc>
<status status="PASS" start="2025-09-24T16:23:09.907500" elapsed="0.316777"/>
</kw>
<return>
<value>${value}</value>
<status status="PASS" start="2025-09-24T16:23:10.224453" elapsed="0.000105"/>
</return>
<msg time="2025-09-24T16:23:10.224888" level="INFO">${email} = Sincere@april.biz</msg>
<var>${email}</var>
<arg>${user["email"]}</arg>
<arg>${customer_txt_email}</arg>
<status status="PASS" start="2025-09-24T16:23:09.904108" elapsed="0.320846"/>
</kw>
<kw name="Set Variable And Input Text" owner="CustomerPage">
<kw name="Input Text" owner="SeleniumLibrary">
<msg time="2025-09-24T16:23:10.226625" level="INFO">Typing text '09-22-2008' into text field '//input[@name="birthday"]'.</msg>
<arg>${element_to_input}</arg>
<arg>${value}</arg>
<doc>Types the given ``text`` into the text field identified by ``locator``.</doc>
<status status="PASS" start="2025-09-24T16:23:10.226123" elapsed="0.264778"/>
</kw>
<return>
<value>${value}</value>
<status status="PASS" start="2025-09-24T16:23:10.491131" elapsed="0.000099"/>
</return>
<msg time="2025-09-24T16:23:10.491547" level="INFO">${birthday} = 09-22-2008</msg>
<var>${birthday}</var>
<arg>${birthday}</arg>
<arg>${customer_txt_birthday}</arg>
<status status="PASS" start="2025-09-24T16:23:10.225333" elapsed="0.266891"/>
</kw>
<kw name="Set Variable And Input Text" owner="CustomerPage">
<kw name="Input Text" owner="SeleniumLibrary">
<msg time="2025-09-24T16:23:10.494692" level="INFO">Typing text 'Kulas Light' into text field '//textarea[@name="address"]'.</msg>
<arg>${element_to_input}</arg>
<arg>${value}</arg>
<doc>Types the given ``text`` into the text field identified by ``locator``.</doc>
<status status="PASS" start="2025-09-24T16:23:10.494202" elapsed="0.257477"/>
</kw>
<return>
<value>${value}</value>
<status status="PASS" start="2025-09-24T16:23:10.751852" elapsed="0.000105"/>
</return>
<msg time="2025-09-24T16:23:10.752327" level="INFO">${address} = Kulas Light</msg>
<var>${address}</var>
<arg>${user["address"]["street"]}</arg>
<arg>${customer_txt_address}</arg>
<status status="PASS" start="2025-09-24T16:23:10.492635" elapsed="0.259761"/>
</kw>
<kw name="Set Variable And Input Text" owner="CustomerPage">
<kw name="Input Text" owner="SeleniumLibrary">
<msg time="2025-09-24T16:23:10.754888" level="INFO">Typing text 'Gwenborough' into text field '//input[@name="city"]'.</msg>
<arg>${element_to_input}</arg>
<arg>${value}</arg>
<doc>Types the given ``text`` into the text field identified by ``locator``.</doc>
<status status="PASS" start="2025-09-24T16:23:10.754417" elapsed="0.252119"/>
</kw>
<return>
<value>${value}</value>
<status status="PASS" start="2025-09-24T16:23:11.006694" elapsed="0.000090"/>
</return>
<msg time="2025-09-24T16:23:11.007151" level="INFO">${city} = Gwenborough</msg>
<var>${city}</var>
<arg>${user["address"]["city"]}</arg>
<arg>${customer_txt_city}</arg>
<status status="PASS" start="2025-09-24T16:23:10.752746" elapsed="0.254468"/>
</kw>
<kw name="Set Variable And Input Text" owner="CustomerPage">
<kw name="Input Text" owner="SeleniumLibrary">
<msg time="2025-09-24T16:23:11.008480" level="INFO">Typing text 'test' into text field '//input[@name="stateAbbr"]'.</msg>
<arg>${element_to_input}</arg>
<arg>${value}</arg>
<doc>Types the given ``text`` into the text field identified by ``locator``.</doc>
<status status="PASS" start="2025-09-24T16:23:11.008098" elapsed="0.243160"/>
</kw>
<return>
<value>${value}</value>
<status status="PASS" start="2025-09-24T16:23:11.251438" elapsed="0.000107"/>
</return>
<msg time="2025-09-24T16:23:11.251889" level="INFO">${state} = test</msg>
<var>${state}</var>
<arg>test</arg>
<arg>${customer_txt_state}</arg>
<status status="PASS" start="2025-09-24T16:23:11.007531" elapsed="0.244473"/>
</kw>
<kw name="Set Variable And Input Text" owner="CustomerPage">
<kw name="Input Text" owner="SeleniumLibrary">
<msg time="2025-09-24T16:23:11.254260" level="INFO">Typing text '92998-3874' into text field '//input[@name="zipcode"]'.</msg>
<arg>${element_to_input}</arg>
<arg>${value}</arg>
<doc>Types the given ``text`` into the text field identified by ``locator``.</doc>
<status status="PASS" start="2025-09-24T16:23:11.253832" elapsed="0.246725"/>
</kw>
<return>
<value>${value}</value>
<status status="PASS" start="2025-09-24T16:23:11.500771" elapsed="0.000137"/>
</return>
<msg time="2025-09-24T16:23:11.502831" level="INFO">${zipcode} = 92998-3874</msg>
<var>${zipcode}</var>
<arg>${user["address"]["zipcode"]}</arg>
<arg>${customer_txt_zipcode}</arg>
<status status="PASS" start="2025-09-24T16:23:11.252382" elapsed="0.250531"/>
</kw>
<kw name="Set Variable And Input Text" owner="CustomerPage">
<kw name="Input Text" owner="SeleniumLibrary">
<msg time="2025-09-24T16:23:11.505573" level="INFO">Typing text 'test' into text field '//input[@name="password"]'.</msg>
<arg>${element_to_input}</arg>
<arg>${value}</arg>
<doc>Types the given ``text`` into the text field identified by ``locator``.</doc>
<status status="PASS" start="2025-09-24T16:23:11.504801" elapsed="0.210501"/>
</kw>
<return>
<value>${value}</value>
<status status="PASS" start="2025-09-24T16:23:11.715472" elapsed="0.000101"/>
</return>
<msg time="2025-09-24T16:23:11.715884" level="INFO">${password} = test</msg>
<var>${password}</var>
<arg>test</arg>
<arg>${customer_txt_password}</arg>
<status status="PASS" start="2025-09-24T16:23:11.504132" elapsed="0.211813"/>
</kw>
<kw name="Set Variable And Input Text" owner="CustomerPage">
<kw name="Input Text" owner="SeleniumLibrary">
<msg time="2025-09-24T16:23:11.721866" level="INFO">Typing text 'test' into text field '//input[@name="confirm_password"]'.</msg>
<arg>${element_to_input}</arg>
<arg>${value}</arg>
<doc>Types the given ``text`` into the text field identified by ``locator``.</doc>
<status status="PASS" start="2025-09-24T16:23:11.721241" elapsed="0.248537"/>
</kw>
<return>
<value>${value}</value>
<status status="PASS" start="2025-09-24T16:23:11.969955" elapsed="0.000138"/>
</return>
<arg>test</arg>
<arg>${customer_txt_confirm_password}</arg>
<status status="PASS" start="2025-09-24T16:23:11.716298" elapsed="0.254089"/>
</kw>
<kw name="Click Element" owner="SeleniumLibrary">
<msg time="2025-09-24T16:23:11.971661" level="INFO">Clicking element '//button[@aria-label="Save"]'.</msg>
<arg>${customer_btn_save}</arg>
<doc>Click the element identified by ``locator``.</doc>
<status status="PASS" start="2025-09-24T16:23:11.970798" elapsed="0.252886"/>
</kw>
<kw name="Sleep" owner="BuiltIn">
<msg time="2025-09-24T16:23:14.224857" level="INFO">Slept 2 seconds.</msg>
<arg>2s</arg>
<doc>Pauses the test executed for the given time.</doc>
<status status="PASS" start="2025-09-24T16:23:12.224027" elapsed="2.001215"/>
</kw>
<kw name="Go To Customer Page" owner="CustomerPage">
<kw name="Wait Until Keyword Succeeds" owner="BuiltIn">
<kw name="Click Element" owner="SeleniumLibrary">
<msg time="2025-09-24T16:23:14.228271" level="INFO">Clicking element '//a[@href="#/customers"]'.</msg>
<arg>${nav_btn_customer}</arg>
<doc>Click the element identified by ``locator``.</doc>
<status status="PASS" start="2025-09-24T16:23:14.227540" elapsed="0.175183"/>
</kw>
<arg>5x</arg>
<arg>1s</arg>
<arg>Click Element</arg>
<arg>${nav_btn_customer}</arg>
<doc>Runs the specified keyword and retries if it fails.</doc>
<status status="PASS" start="2025-09-24T16:23:14.226825" elapsed="0.176078"/>
</kw>
<kw name="Refresh Current Page" owner="App">
<kw name="Click Button" owner="SeleniumLibrary">
<msg time="2025-09-24T16:23:14.404257" level="INFO">Clicking button '//button[@aria-label="Refresh"]'.</msg>
<arg>${btn_refresh}</arg>
<doc>Clicks the button identified by ``locator``.</doc>
<status status="PASS" start="2025-09-24T16:23:14.403785" elapsed="0.961752"/>
</kw>
<kw name="Wait Until Element Is Visible" owner="SeleniumLibrary">
<arg>${loading_icon}</arg>
<doc>Waits until the element ``locator`` is visible.</doc>
<status status="PASS" start="2025-09-24T16:23:15.366071" elapsed="0.036419"/>
</kw>
<kw name="Wait Until Element Is Not Visible" owner="SeleniumLibrary">
<arg>${loading_icon}</arg>
<doc>Waits until the element ``locator`` is not visible.</doc>
<status status="PASS" start="2025-09-24T16:23:15.402779" elapsed="0.550822"/>
</kw>
<status status="PASS" start="2025-09-24T16:23:14.403266" elapsed="1.550543"/>
</kw>
<status status="PASS" start="2025-09-24T16:23:14.225903" elapsed="1.728039"/>
</kw>
<kw name="Wait Until Element Is Visible" owner="SeleniumLibrary">
<arg>${first_table_row}</arg>
<doc>Waits until the element ``locator`` is visible.</doc>
<status status="PASS" start="2025-09-24T16:23:15.954220" elapsed="0.041152"/>
</kw>
<kw name="Click Element" owner="SeleniumLibrary">
<msg time="2025-09-24T16:23:15.996189" level="INFO">Clicking element '//*[@id="main-content"]/div/div[1]/div[2]/div/div[2]/table/tbody/tr[1]'.</msg>
<arg>${first_table_row}</arg>
<doc>Click the element identified by ``locator``.</doc>
<status status="PASS" start="2025-09-24T16:23:15.995703" elapsed="0.149326"/>
</kw>
<kw name="Verify User Is Added" owner="CustomerPage">
<kw name="Wait Until Element Is Visible" owner="SeleniumLibrary">
<arg>${element}</arg>
<doc>Waits until the element ``locator`` is visible.</doc>
<status status="PASS" start="2025-09-24T16:23:16.148082" elapsed="0.268671"/>
</kw>
<kw name="Get Element Attribute" owner="SeleniumLibrary">
<msg time="2025-09-24T16:23:16.443468" level="INFO">${actual_value} = Leanne</msg>
<var>${actual_value}</var>
<arg>${element}</arg>
<arg>value</arg>
<doc>Returns the value of ``attribute`` from the element ``locator``.</doc>
<status status="PASS" start="2025-09-24T16:23:16.417082" elapsed="0.026463"/>
</kw>
<if>
<branch type="IF" condition="${isDate} == True">
<kw name="Evaluate" owner="BuiltIn">
<var>${expected_value}</var>
<arg>'{}-{}-{}'.format("${expected_value}".split("-")[2], "${expected_value}".split("-")[0], "${expected_value}".split("-")[1])</arg>
<doc>Evaluates the given expression in Python and returns the result.</doc>
<status status="NOT RUN" start="2025-09-24T16:23:16.444164" elapsed="0.000066"/>
</kw>
<status status="NOT RUN" start="2025-09-24T16:23:16.443750" elapsed="0.000598"/>
</branch>
<status status="PASS" start="2025-09-24T16:23:16.443701" elapsed="0.000719"/>
</if>
<kw name="Should Be Equal" owner="BuiltIn">
<arg>${actual_value}</arg>
<arg>${expected_value}</arg>
<doc>Fails if the given objects are unequal.</doc>
<status status="PASS" start="2025-09-24T16:23:16.444595" elapsed="0.000868"/>
</kw>
<kw name="Log To Console" owner="BuiltIn">
<arg>"\nVerified: ${element} = ${actual_value}"</arg>
<doc>Logs the given message to the console.</doc>
<status status="PASS" start="2025-09-24T16:23:16.445954" elapsed="0.003219"/>
</kw>
<arg>${first_name}</arg>
<arg>${customer_txt_firstname}</arg>
<status status="PASS" start="2025-09-24T16:23:16.145513" elapsed="0.303901"/>
</kw>
<kw name="Verify User Is Added" owner="CustomerPage">
<kw name="Wait Until Element Is Visible" owner="SeleniumLibrary">
<arg>${element}</arg>
<doc>Waits until the element ``locator`` is visible.</doc>
<status status="PASS" start="2025-09-24T16:23:16.451042" elapsed="0.055050"/>
</kw>
<kw name="Get Element Attribute" owner="SeleniumLibrary">
<msg time="2025-09-24T16:23:16.538561" level="INFO">${actual_value} = Graham</msg>
<var>${actual_value}</var>
<arg>${element}</arg>
<arg>value</arg>
<doc>Returns the value of ``attribute`` from the element ``locator``.</doc>
<status status="PASS" start="2025-09-24T16:23:16.506439" elapsed="0.032208"/>
</kw>
<if>
<branch type="IF" condition="${isDate} == True">
<kw name="Evaluate" owner="BuiltIn">
<var>${expected_value}</var>
<arg>'{}-{}-{}'.format("${expected_value}".split("-")[2], "${expected_value}".split("-")[0], "${expected_value}".split("-")[1])</arg>
<doc>Evaluates the given expression in Python and returns the result.</doc>
<status status="NOT RUN" start="2025-09-24T16:23:16.539252" elapsed="0.000065"/>
</kw>
<status status="NOT RUN" start="2025-09-24T16:23:16.538850" elapsed="0.000552"/>
</branch>
<status status="PASS" start="2025-09-24T16:23:16.538804" elapsed="0.000670"/>
</if>
<kw name="Should Be Equal" owner="BuiltIn">
<arg>${actual_value}</arg>
<arg>${expected_value}</arg>
<doc>Fails if the given objects are unequal.</doc>
<status status="PASS" start="2025-09-24T16:23:16.539659" elapsed="0.000433"/>
</kw>
<kw name="Log To Console" owner="BuiltIn">
<arg>"\nVerified: ${element} = ${actual_value}"</arg>
<doc>Logs the given message to the console.</doc>
<status status="PASS" start="2025-09-24T16:23:16.540301" elapsed="0.000448"/>
</kw>
<arg>${last_name}</arg>
<arg>${customer_txt_lastname}</arg>
<status status="PASS" start="2025-09-24T16:23:16.450163" elapsed="0.090730"/>
</kw>
<kw name="Verify User Is Added" owner="CustomerPage">
<kw name="Wait Until Element Is Visible" owner="SeleniumLibrary">
<arg>${element}</arg>
<doc>Waits until the element ``locator`` is visible.</doc>
<status status="PASS" start="2025-09-24T16:23:16.542300" elapsed="0.043873"/>
</kw>
<kw name="Get Element Attribute" owner="SeleniumLibrary">
<msg time="2025-09-24T16:23:16.642181" level="INFO">${actual_value} = Sincere@april.biz</msg>
<var>${actual_value}</var>
<arg>${element}</arg>
<arg>value</arg>
<doc>Returns the value of ``attribute`` from the element ``locator``.</doc>
<status status="PASS" start="2025-09-24T16:23:16.586607" elapsed="0.055658"/>
</kw>
<if>
<branch type="IF" condition="${isDate} == True">
<kw name="Evaluate" owner="BuiltIn">
<var>${expected_value}</var>
<arg>'{}-{}-{}'.format("${expected_value}".split("-")[2], "${expected_value}".split("-")[0], "${expected_value}".split("-")[1])</arg>
<doc>Evaluates the given expression in Python and returns the result.</doc>
<status status="NOT RUN" start="2025-09-24T16:23:16.642850" elapsed="0.000065"/>
</kw>
<status status="NOT RUN" start="2025-09-24T16:23:16.642470" elapsed="0.000554"/>
</branch>
<status status="PASS" start="2025-09-24T16:23:16.642423" elapsed="0.000676"/>
</if>
<kw name="Should Be Equal" owner="BuiltIn">
<arg>${actual_value}</arg>
<arg>${expected_value}</arg>
<doc>Fails if the given objects are unequal.</doc>
<status status="PASS" start="2025-09-24T16:23:16.643271" elapsed="0.000388"/>
</kw>
<kw name="Log To Console" owner="BuiltIn">
<arg>"\nVerified: ${element} = ${actual_value}"</arg>
<doc>Logs the given message to the console.</doc>
<status status="PASS" start="2025-09-24T16:23:16.643959" elapsed="0.000541"/>
</kw>
<arg>${email}</arg>
<arg>${customer_txt_email}</arg>
<status status="PASS" start="2025-09-24T16:23:16.541302" elapsed="0.103559"/>
</kw>
<kw name="Verify User Is Added" owner="CustomerPage">
<kw name="Wait Until Element Is Visible" owner="SeleniumLibrary">
<arg>${element}</arg>
<doc>Waits until the element ``locator`` is visible.</doc>
<status status="PASS" start="2025-09-24T16:23:16.647125" elapsed="0.042329"/>
</kw>
<kw name="Get Element Attribute" owner="SeleniumLibrary">
<msg time="2025-09-24T16:23:16.713184" level="INFO">${actual_value} = 2008-09-22</msg>
<var>${actual_value}</var>
<arg>${element}</arg>
<arg>value</arg>
<doc>Returns the value of ``attribute`` from the element ``locator``.</doc>
<status status="PASS" start="2025-09-24T16:23:16.689738" elapsed="0.023525"/>
</kw>
<if>
<branch type="IF" condition="${isDate} == True">
<kw name="Evaluate" owner="BuiltIn">
<msg time="2025-09-24T16:23:16.714425" level="INFO">${expected_value} = 2008-09-22</msg>
<var>${expected_value}</var>
<arg>'{}-{}-{}'.format("${expected_value}".split("-")[2], "${expected_value}".split("-")[0], "${expected_value}".split("-")[1])</arg>
<doc>Evaluates the given expression in Python and returns the result.</doc>
<status status="PASS" start="2025-09-24T16:23:16.713826" elapsed="0.000663"/>
</kw>
<status status="PASS" start="2025-09-24T16:23:16.713461" elapsed="0.001126"/>
</branch>
<status status="PASS" start="2025-09-24T16:23:16.713417" elapsed="0.001248"/>
</if>
<kw name="Should Be Equal" owner="BuiltIn">
<arg>${actual_value}</arg>
<arg>${expected_value}</arg>
<doc>Fails if the given objects are unequal.</doc>
<status status="PASS" start="2025-09-24T16:23:16.714854" elapsed="0.000379"/>
</kw>
<kw name="Log To Console" owner="BuiltIn">
<arg>"\nVerified: ${element} = ${actual_value}"</arg>
<doc>Logs the given message to the console.</doc>
<status status="PASS" start="2025-09-24T16:23:16.715444" elapsed="0.000439"/>
</kw>
<arg>${birthday}</arg>
<arg>${customer_txt_birthday}</arg>
<arg>True</arg>
<status status="PASS" start="2025-09-24T16:23:16.645377" elapsed="0.070672"/>
</kw>
<kw name="Verify User Is Added" owner="CustomerPage">
<kw name="Wait Until Element Is Visible" owner="SeleniumLibrary">
<arg>${element}</arg>
<doc>Waits until the element ``locator`` is visible.</doc>
<status status="PASS" start="2025-09-24T16:23:16.717184" elapsed="0.032717"/>
</kw>
<kw name="Get Element Attribute" owner="SeleniumLibrary">
<msg time="2025-09-24T16:23:16.773872" level="INFO">${actual_value} = Kulas Light</msg>
<var>${actual_value}</var>
<arg>${element}</arg>
<arg>value</arg>
<doc>Returns the value of ``attribute`` from the element ``locator``.</doc>
<status status="PASS" start="2025-09-24T16:23:16.750394" elapsed="0.023557"/>
</kw>
<if>
<branch type="IF" condition="${isDate} == True">
<kw name="Evaluate" owner="BuiltIn">
<var>${expected_value}</var>
<arg>'{}-{}-{}'.format("${expected_value}".split("-")[2], "${expected_value}".split("-")[0], "${expected_value}".split("-")[1])</arg>
<doc>Evaluates the given expression in Python and returns the result.</doc>
<status status="NOT RUN" start="2025-09-24T16:23:16.774592" elapsed="0.000081"/>
</kw>
<status status="NOT RUN" start="2025-09-24T16:23:16.774171" elapsed="0.000604"/>
</branch>
<status status="PASS" start="2025-09-24T16:23:16.774127" elapsed="0.000731"/>
</if>
<kw name="Should Be Equal" owner="BuiltIn">
<arg>${actual_value}</arg>
<arg>${expected_value}</arg>
<doc>Fails if the given objects are unequal.</doc>
<status status="PASS" start="2025-09-24T16:23:16.775100" elapsed="0.000471"/>
</kw>
<kw name="Log To Console" owner="BuiltIn">
<arg>"\nVerified: ${element} = ${actual_value}"</arg>
<doc>Logs the given message to the console.</doc>
<status status="PASS" start="2025-09-24T16:23:16.775815" elapsed="0.000487"/>
</kw>
<arg>${address}</arg>
<arg>${customer_txt_address}</arg>
<status status="PASS" start="2025-09-24T16:23:16.716534" elapsed="0.059906"/>
</kw>
<kw name="Verify User Is Added" owner="CustomerPage">
<kw name="Wait Until Element Is Visible" owner="SeleniumLibrary">
<arg>${element}</arg>
<doc>Waits until the element ``locator`` is visible.</doc>
<status status="PASS" start="2025-09-24T16:23:16.777473" elapsed="0.025048"/>
</kw>
<kw name="Get Element Attribute" owner="SeleniumLibrary">
<msg time="2025-09-24T16:23:16.828290" level="INFO">${actual_value} = Gwenborough</msg>
<var>${actual_value}</var>
<arg>${element}</arg>
<arg>value</arg>
<doc>Returns the value of ``attribute`` from the element ``locator``.</doc>
<status status="PASS" start="2025-09-24T16:23:16.802951" elapsed="0.025432"/>
</kw>
<if>
<branch type="IF" condition="${isDate} == True">
<kw name="Evaluate" owner="BuiltIn">
<var>${expected_value}</var>
<arg>'{}-{}-{}'.format("${expected_value}".split("-")[2], "${expected_value}".split("-")[0], "${expected_value}".split("-")[1])</arg>
<doc>Evaluates the given expression in Python and returns the result.</doc>
<status status="NOT RUN" start="2025-09-24T16:23:16.829280" elapsed="0.000126"/>
</kw>
<status status="NOT RUN" start="2025-09-24T16:23:16.828626" elapsed="0.000906"/>
</branch>
<status status="PASS" start="2025-09-24T16:23:16.828563" elapsed="0.001100"/>
</if>
<kw name="Should Be Equal" owner="BuiltIn">
<arg>${actual_value}</arg>
<arg>${expected_value}</arg>
<doc>Fails if the given objects are unequal.</doc>
<status status="PASS" start="2025-09-24T16:23:16.830041" elapsed="0.000724"/>
</kw>
<kw name="Log To Console" owner="BuiltIn">
<arg>"\nVerified: ${element} = ${actual_value}"</arg>
<doc>Logs the given message to the console.</doc>
<status status="PASS" start="2025-09-24T16:23:16.831310" elapsed="0.000582"/>
</kw>
<arg>${city}</arg>
<arg>${customer_txt_city}</arg>
<status status="PASS" start="2025-09-24T16:23:16.776788" elapsed="0.055292"/>
</kw>
<kw name="Verify User Is Added" owner="CustomerPage">
<kw name="Wait Until Element Is Visible" owner="SeleniumLibrary">
<arg>${element}</arg>
<doc>Waits until the element ``locator`` is visible.</doc>
<status status="PASS" start="2025-09-24T16:23:16.833122" elapsed="0.026291"/>
</kw>
<kw name="Get Element Attribute" owner="SeleniumLibrary">
<msg time="2025-09-24T16:23:16.883537" level="INFO">${actual_value} = test</msg>
<var>${actual_value}</var>
<arg>${element}</arg>
<arg>value</arg>
<doc>Returns the value of ``attribute`` from the element ``locator``.</doc>
<status status="PASS" start="2025-09-24T16:23:16.859700" elapsed="0.023917"/>
</kw>
<if>
<branch type="IF" condition="${isDate} == True">
<kw name="Evaluate" owner="BuiltIn">
<var>${expected_value}</var>
<arg>'{}-{}-{}'.format("${expected_value}".split("-")[2], "${expected_value}".split("-")[0], "${expected_value}".split("-")[1])</arg>
<doc>Evaluates the given expression in Python and returns the result.</doc>
<status status="NOT RUN" start="2025-09-24T16:23:16.884218" elapsed="0.000065"/>
</kw>
<status status="NOT RUN" start="2025-09-24T16:23:16.883818" elapsed="0.000550"/>
</branch>
<status status="PASS" start="2025-09-24T16:23:16.883773" elapsed="0.000665"/>
</if>
<kw name="Should Be Equal" owner="BuiltIn">
<arg>${actual_value}</arg>
<arg>${expected_value}</arg>
<doc>Fails if the given objects are unequal.</doc>
<status status="PASS" start="2025-09-24T16:23:16.884602" elapsed="0.000430"/>
</kw>
<kw name="Log To Console" owner="BuiltIn">
<arg>"\nVerified: ${element} = ${actual_value}"</arg>
<doc>Logs the given message to the console.</doc>
<status status="PASS" start="2025-09-24T16:23:16.885243" elapsed="0.000489"/>
</kw>
<arg>${state}</arg>
<arg>${customer_txt_state}</arg>
<status status="PASS" start="2025-09-24T16:23:16.832471" elapsed="0.053416"/>
</kw>
<kw name="Verify User Is Added" owner="CustomerPage">
<kw name="Wait Until Element Is Visible" owner="SeleniumLibrary">
<arg>${element}</arg>
<doc>Waits until the element ``locator`` is visible.</doc>
<status status="PASS" start="2025-09-24T16:23:16.886987" elapsed="0.027901"/>
</kw>
<kw name="Get Element Attribute" owner="SeleniumLibrary">
<msg time="2025-09-24T16:23:16.940766" level="INFO">${actual_value} = 92998-3874</msg>
<var>${actual_value}</var>
<arg>${element}</arg>
<arg>value</arg>
<doc>Returns the value of ``attribute`` from the element ``locator``.</doc>
<status status="PASS" start="2025-09-24T16:23:16.915335" elapsed="0.025509"/>
</kw>
<if>
<branch type="IF" condition="${isDate} == True">
<kw name="Evaluate" owner="BuiltIn">
<var>${expected_value}</var>
<arg>'{}-{}-{}'.format("${expected_value}".split("-")[2], "${expected_value}".split("-")[0], "${expected_value}".split("-")[1])</arg>
<doc>Evaluates the given expression in Python and returns the result.</doc>
<status status="NOT RUN" start="2025-09-24T16:23:16.941457" elapsed="0.000063"/>
</kw>
<status status="NOT RUN" start="2025-09-24T16:23:16.941081" elapsed="0.000528"/>
</branch>
<status status="PASS" start="2025-09-24T16:23:16.941034" elapsed="0.000660"/>
</if>
<kw name="Should Be Equal" owner="BuiltIn">
<arg>${actual_value}</arg>
<arg>${expected_value}</arg>
<doc>Fails if the given objects are unequal.</doc>
<status status="PASS" start="2025-09-24T16:23:16.941896" elapsed="0.000488"/>
</kw>
<kw name="Log To Console" owner="BuiltIn">
<arg>"\nVerified: ${element} = ${actual_value}"</arg>
<doc>Logs the given message to the console.</doc>
<status status="PASS" start="2025-09-24T16:23:16.942664" elapsed="0.000583"/>
</kw>
<arg>${zipcode}</arg>
<arg>${customer_txt_zipcode}</arg>
<status status="PASS" start="2025-09-24T16:23:16.886312" elapsed="0.057103"/>
</kw>
<arg>${i}</arg>
<status status="PASS" start="2025-09-24T16:23:04.858029" elapsed="12.085521"/>
</kw>
<var name="${i}">{'id': 1, 'name': 'Leanne Graham', 'username': 'Bret', 'email': 'Sincere@april.biz', 'address': {'street': 'Kulas Light', 'suite': 'Apt. 556', 'city': 'Gwenborough', 'zipcode': '92998-3874', 'geo': {'...</var>
<status status="PASS" start="2025-09-24T16:23:04.857535" elapsed="12.086099"/>
</iter>
<iter>
<kw name="Create User" owner="CustomerPage">
<kw name="Random Birthday" owner="api">
<msg time="2025-09-24T16:23:16.945241" level="INFO">${birthday} = 08-26-1972</msg>
<var>${birthday}</var>
<status status="PASS" start="2025-09-24T16:23:16.944898" elapsed="0.000419"/>
</kw>
<kw name="Go To Customer Page" owner="CustomerPage">
<kw name="Wait Until Keyword Succeeds" owner="BuiltIn">
<kw name="Click Element" owner="SeleniumLibrary">
<msg time="2025-09-24T16:23:16.946808" level="INFO">Clicking element '//a[@href="#/customers"]'.</msg>
<arg>${nav_btn_customer}</arg>
<doc>Click the element identified by ``locator``.</doc>
<status status="PASS" start="2025-09-24T16:23:16.946466" elapsed="0.141474"/>
</kw>
<arg>5x</arg>
<arg>1s</arg>
<arg>Click Element</arg>
<arg>${nav_btn_customer}</arg>
<doc>Runs the specified keyword and retries if it fails.</doc>
<status status="PASS" start="2025-09-24T16:23:16.946114" elapsed="0.142534"/>
</kw>
<kw name="Refresh Current Page" owner="App">
<kw name="Click Button" owner="SeleniumLibrary">
<msg time="2025-09-24T16:23:17.090078" level="INFO">Clicking button '//button[@aria-label="Refresh"]'.</msg>
<arg>${btn_refresh}</arg>
<doc>Clicks the button identified by ``locator``.</doc>
<status status="PASS" start="2025-09-24T16:23:17.089602" elapsed="0.862189"/>
</kw>
<kw name="Wait Until Element Is Visible" owner="SeleniumLibrary">
<arg>${loading_icon}</arg>
<doc>Waits until the element ``locator`` is visible.</doc>
<status status="PASS" start="2025-09-24T16:23:17.952206" elapsed="0.040868"/>
</kw>
<kw name="Wait Until Element Is Not Visible" owner="SeleniumLibrary">
<arg>${loading_icon}</arg>
<doc>Waits until the element ``locator`` is not visible.</doc>
<status status="PASS" start="2025-09-24T16:23:17.993368" elapsed="0.332111"/>
</kw>
<status status="PASS" start="2025-09-24T16:23:17.089034" elapsed="1.236627"/>
</kw>
<status status="PASS" start="2025-09-24T16:23:16.945636" elapsed="1.380142"/>
</kw>
<kw name="Wait Until Keyword Succeeds" owner="BuiltIn">
<kw name="Wait Until Element Is Visible" owner="SeleniumLibrary">
<arg>${customer_btn_create}</arg>
<doc>Waits until the element ``locator`` is visible.</doc>
<status status="PASS" start="2025-09-24T16:23:18.326387" elapsed="0.039714"/>
</kw>
<arg>5x</arg>
<arg>.5s</arg>
<arg>Wait Until Element Is Visible</arg>
<arg>${customer_btn_create}</arg>
<doc>Runs the specified keyword and retries if it fails.</doc>
<status status="PASS" start="2025-09-24T16:23:18.326018" elapsed="0.040286"/>
</kw>
<kw name="Click Element" owner="SeleniumLibrary">
<msg time="2025-09-24T16:23:18.367084" level="INFO">Clicking element '//a[@aria-label="Create"]'.</msg>
<arg>${customer_btn_create}</arg>
<doc>Click the element identified by ``locator``.</doc>
<status status="PASS" start="2025-09-24T16:23:18.366590" elapsed="0.197059"/>
</kw>
<kw name="Wait Until Element Is Visible" owner="SeleniumLibrary">
<arg>${customer_txt_firstname}</arg>
<doc>Waits until the element ``locator`` is visible.</doc>
<status status="PASS" start="2025-09-24T16:23:18.566852" elapsed="0.269206"/>
</kw>
<kw name="Set Variable And Input Text" owner="CustomerPage">
<kw name="Input Text" owner="SeleniumLibrary">
<msg time="2025-09-24T16:23:18.838125" level="INFO">Typing text 'Ervin' into text field '//input[@name="first_name"]'.</msg>
<arg>${element_to_input}</arg>
<arg>${value}</arg>
<doc>Types the given ``text`` into the text field identified by ``locator``.</doc>
<status status="PASS" start="2025-09-24T16:23:18.837712" elapsed="0.171556"/>
</kw>
<return>
<value>${value}</value>
<status status="PASS" start="2025-09-24T16:23:19.009466" elapsed="0.000230"/>
</return>
<msg time="2025-09-24T16:23:19.010163" level="INFO">${first_name} = Ervin</msg>
<var>${first_name}</var>
<arg>${user["name"].split(" ")[0]}</arg>
<arg>${customer_txt_firstname}</arg>
<status status="PASS" start="2025-09-24T16:23:18.836416" elapsed="0.173842"/>
</kw>
<kw name="Set Variable And Input Text" owner="CustomerPage">
<kw name="Input Text" owner="SeleniumLibrary">
<msg time="2025-09-24T16:23:19.015253" level="INFO">Typing text 'Howell' into text field '//input[@name="last_name"]'.</msg>
<arg>${element_to_input}</arg>
<arg>${value}</arg>
<doc>Types the given ``text`` into the text field identified by ``locator``.</doc>
<status status="PASS" start="2025-09-24T16:23:19.014736" elapsed="0.216537"/>
</kw>
<return>
<value>${value}</value>
<status status="PASS" start="2025-09-24T16:23:19.231461" elapsed="0.000105"/>
</return>
<msg time="2025-09-24T16:23:19.231900" level="INFO">${last_name} = Howell</msg>
<var>${last_name}</var>
<arg>${user["name"].split(" ")[1]}</arg>
<arg>${customer_txt_lastname}</arg>
<status status="PASS" start="2025-09-24T16:23:19.010702" elapsed="0.221298"/>
</kw>
<kw name="Set Variable And Input Text" owner="CustomerPage">
<kw name="Input Text" owner="SeleniumLibrary">
<msg time="2025-09-24T16:23:19.234459" level="INFO">Typing text 'Shanna@melissa.tv' into text field '//input[@name="email"]'.</msg>
<arg>${element_to_input}</arg>
<arg>${value}</arg>
<doc>Types the given ``text`` into the text field identified by ``locator``.</doc>
<status status="PASS" start="2025-09-24T16:23:19.233978" elapsed="0.296492"/>
</kw>
<return>
<value>${value}</value>
<status status="PASS" start="2025-09-24T16:23:19.530627" elapsed="0.000090"/>
</return>
<msg time="2025-09-24T16:23:19.531018" level="INFO">${email} = Shanna@melissa.tv</msg>
<var>${email}</var>
<arg>${user["email"]}</arg>
<arg>${customer_txt_email}</arg>
<status status="PASS" start="2025-09-24T16:23:19.232372" elapsed="0.298710"/>
</kw>
<kw name="Set Variable And Input Text" owner="CustomerPage">
<kw name="Input Text" owner="SeleniumLibrary">
<msg time="2025-09-24T16:23:19.539780" level="INFO">Typing text '08-26-1972' into text field '//input[@name="birthday"]'.</msg>
<arg>${element_to_input}</arg>
<arg>${value}</arg>
<doc>Types the given ``text`` into the text field identified by ``locator``.</doc>
<status status="PASS" start="2025-09-24T16:23:19.531960" elapsed="0.306317"/>
</kw>
<return>
<value>${value}</value>
<status status="PASS" start="2025-09-24T16:23:19.838450" elapsed="0.000102"/>
</return>
<msg time="2025-09-24T16:23:19.839016" level="INFO">${birthday} = 08-26-1972</msg>
<var>${birthday}</var>
<arg>${birthday}</arg>
<arg>${customer_txt_birthday}</arg>
<status status="PASS" start="2025-09-24T16:23:19.531395" elapsed="0.307700"/>
</kw>
<kw name="Set Variable And Input Text" owner="CustomerPage">
<kw name="Input Text" owner="SeleniumLibrary">
<msg time="2025-09-24T16:23:19.842092" level="INFO">Typing text 'Victor Plains' into text field '//textarea[@name="address"]'.</msg>
<arg>${element_to_input}</arg>
<arg>${value}</arg>
<doc>Types the given ``text`` into the text field identified by ``locator``.</doc>
<status status="PASS" start="2025-09-24T16:23:19.841498" elapsed="0.230238"/>
</kw>
<return>
<value>${value}</value>
<status status="PASS" start="2025-09-24T16:23:20.071909" elapsed="0.000134"/>
</return>
<msg time="2025-09-24T16:23:20.072353" level="INFO">${address} = Victor Plains</msg>
<var>${address}</var>
<arg>${user["address"]["street"]}</arg>
<arg>${customer_txt_address}</arg>
<status status="PASS" start="2025-09-24T16:23:19.839485" elapsed="0.232928"/>
</kw>
<kw name="Set Variable And Input Text" owner="CustomerPage">
<kw name="Input Text" owner="SeleniumLibrary">
<msg time="2025-09-24T16:23:20.074394" level="INFO">Typing text 'Wisokyburgh' into text field '//input[@name="city"]'.</msg>
<arg>${element_to_input}</arg>
<arg>${value}</arg>
<doc>Types the given ``text`` into the text field identified by ``locator``.</doc>
<status status="PASS" start="2025-09-24T16:23:20.073994" elapsed="0.259933"/>
</kw>
<return>
<value>${value}</value>
<status status="PASS" start="2025-09-24T16:23:20.334162" elapsed="0.000105"/>
</return>
<msg time="2025-09-24T16:23:20.334621" level="INFO">${city} = Wisokyburgh</msg>
<var>${city}</var>
<arg>${user["address"]["city"]}</arg>
<arg>${customer_txt_city}</arg>
<status status="PASS" start="2025-09-24T16:23:20.072718" elapsed="0.261980"/>
</kw>
<kw name="Set Variable And Input Text" owner="CustomerPage">
<kw name="Input Text" owner="SeleniumLibrary">
<msg time="2025-09-24T16:23:20.336263" level="INFO">Typing text 'test' into text field '//input[@name="stateAbbr"]'.</msg>
<arg>${element_to_input}</arg>
<arg>${value}</arg>
<doc>Types the given ``text`` into the text field identified by ``locator``.</doc>
<status status="PASS" start="2025-09-24T16:23:20.335789" elapsed="0.216611"/>
</kw>
<return>
<value>${value}</value>
<status status="PASS" start="2025-09-24T16:23:20.552560" elapsed="0.000089"/>
</return>
<msg time="2025-09-24T16:23:20.552933" level="INFO">${state} = test</msg>
<var>${state}</var>
<arg>test</arg>
<arg>${customer_txt_state}</arg>
<status status="PASS" start="2025-09-24T16:23:20.335104" elapsed="0.217906"/>
</kw>
<kw name="Set Variable And Input Text" owner="CustomerPage">
<kw name="Input Text" owner="SeleniumLibrary">
<msg time="2025-09-24T16:23:20.554948" level="INFO">Typing text '90566-7771' into text field '//input[@name="zipcode"]'.</msg>
<arg>${element_to_input}</arg>
<arg>${value}</arg>
<doc>Types the given ``text`` into the text field identified by ``locator``.</doc>
<status status="PASS" start="2025-09-24T16:23:20.554564" elapsed="0.249260"/>
</kw>
<return>
<value>${value}</value>
<status status="PASS" start="2025-09-24T16:23:20.804002" elapsed="0.000097"/>
</return>
<msg time="2025-09-24T16:23:20.804436" level="INFO">${zipcode} = 90566-7771</msg>
<var>${zipcode}</var>
<arg>${user["address"]["zipcode"]}</arg>
<arg>${customer_txt_zipcode}</arg>
<status status="PASS" start="2025-09-24T16:23:20.553334" elapsed="0.251175"/>
</kw>
<kw name="Set Variable And Input Text" owner="CustomerPage">
<kw name="Input Text" owner="SeleniumLibrary">
<msg time="2025-09-24T16:23:20.805991" level="INFO">Typing text 'test' into text field '//input[@name="password"]'.</msg>
<arg>${element_to_input}</arg>
<arg>${value}</arg>
<doc>Types the given ``text`` into the text field identified by ``locator``.</doc>
<status status="PASS" start="2025-09-24T16:23:20.805561" elapsed="0.220708"/>
</kw>
<return>
<value>${value}</value>
<status status="PASS" start="2025-09-24T16:23:21.026424" elapsed="0.000087"/>
</return>
<msg time="2025-09-24T16:23:21.026788" level="INFO">${password} = test</msg>
<var>${password}</var>
<arg>test</arg>
<arg>${customer_txt_password}</arg>
<status status="PASS" start="2025-09-24T16:23:20.804865" elapsed="0.221981"/>
</kw>
<kw name="Set Variable And Input Text" owner="CustomerPage">
<kw name="Input Text" owner="SeleniumLibrary">
<msg time="2025-09-24T16:23:21.030163" level="INFO">Typing text 'test' into text field '//input[@name="confirm_password"]'.</msg>
<arg>${element_to_input}</arg>
<arg>${value}</arg>
<doc>Types the given ``text`` into the text field identified by ``locator``.</doc>
<status status="PASS" start="2025-09-24T16:23:21.028186" elapsed="0.216370"/>
</kw>
<return>
<value>${value}</value>
<status status="PASS" start="2025-09-24T16:23:21.245001" elapsed="0.000118"/>
</return>
<arg>test</arg>
<arg>${customer_txt_confirm_password}</arg>
<status status="PASS" start="2025-09-24T16:23:21.027169" elapsed="0.218231"/>
</kw>
<kw name="Click Element" owner="SeleniumLibrary">
<msg time="2025-09-24T16:23:21.246671" level="INFO">Clicking element '//button[@aria-label="Save"]'.</msg>
<arg>${customer_btn_save}</arg>
<doc>Click the element identified by ``locator``.</doc>
<status status="PASS" start="2025-09-24T16:23:21.246157" elapsed="0.228063"/>
</kw>
<kw name="Sleep" owner="BuiltIn">
<msg time="2025-09-24T16:23:23.475033" level="INFO">Slept 2 seconds.</msg>
<arg>2s</arg>
<doc>Pauses the test executed for the given time.</doc>
<status status="PASS" start="2025-09-24T16:23:21.474520" elapsed="2.000694"/>
</kw>
<kw name="Go To Customer Page" owner="CustomerPage">
<kw name="Wait Until Keyword Succeeds" owner="BuiltIn">
<kw name="Click Element" owner="SeleniumLibrary">
<msg time="2025-09-24T16:23:23.476846" level="INFO">Clicking element '//a[@href="#/customers"]'.</msg>
<arg>${nav_btn_customer}</arg>
<doc>Click the element identified by ``locator``.</doc>
<status status="PASS" start="2025-09-24T16:23:23.476456" elapsed="0.127126"/>
</kw>
<arg>5x</arg>
<arg>1s</arg>
<arg>Click Element</arg>
<arg>${nav_btn_customer}</arg>
<doc>Runs the specified keyword and retries if it fails.</doc>
<status status="PASS" start="2025-09-24T16:23:23.476085" elapsed="0.127678"/>
</kw>
<kw name="Refresh Current Page" owner="App">
<kw name="Click Button" owner="SeleniumLibrary">
<msg time="2025-09-24T16:23:23.605081" level="INFO">Clicking button '//button[@aria-label="Refresh"]'.</msg>
<arg>${btn_refresh}</arg>
<doc>Clicks the button identified by ``locator``.</doc>
<status status="PASS" start="2025-09-24T16:23:23.604638" elapsed="0.963665"/>
</kw>
<kw name="Wait Until Element Is Visible" owner="SeleniumLibrary">
<arg>${loading_icon}</arg>
<doc>Waits until the element ``locator`` is visible.</doc>
<status status="PASS" start="2025-09-24T16:23:24.568632" elapsed="0.033689"/>
</kw>
<kw name="Wait Until Element Is Not Visible" owner="SeleniumLibrary">
<arg>${loading_icon}</arg>
<doc>Waits until the element ``locator`` is not visible.</doc>
<status status="PASS" start="2025-09-24T16:23:24.602603" elapsed="0.579215"/>
</kw>
<status status="PASS" start="2025-09-24T16:23:23.604129" elapsed="1.578181"/>
</kw>
<status status="PASS" start="2025-09-24T16:23:23.475570" elapsed="1.707719"/>
</kw>
<kw name="Wait Until Element Is Visible" owner="SeleniumLibrary">
<arg>${first_table_row}</arg>
<doc>Waits until the element ``locator`` is visible.</doc>
<status status="PASS" start="2025-09-24T16:23:25.183936" elapsed="0.064960"/>
</kw>
<kw name="Click Element" owner="SeleniumLibrary">
<msg time="2025-09-24T16:23:25.250834" level="INFO">Clicking element '//*[@id="main-content"]/div/div[1]/div[2]/div/div[2]/table/tbody/tr[1]'.</msg>
<arg>${first_table_row}</arg>
<doc>Click the element identified by ``locator``.</doc>
<status status="PASS" start="2025-09-24T16:23:25.249825" elapsed="0.286707"/>
</kw>
<kw name="Verify User Is Added" owner="CustomerPage">
<kw name="Wait Until Element Is Visible" owner="SeleniumLibrary">
<arg>${element}</arg>
<doc>Waits until the element ``locator`` is visible.</doc>
<status status="PASS" start="2025-09-24T16:23:25.537650" elapsed="0.297802"/>
</kw>
<kw name="Get Element Attribute" owner="SeleniumLibrary">
<msg time="2025-09-24T16:23:25.859219" level="INFO">${actual_value} = Ervin</msg>
<var>${actual_value}</var>
<arg>${element}</arg>
<arg>value</arg>
<doc>Returns the value of ``attribute`` from the element ``locator``.</doc>
<status status="PASS" start="2025-09-24T16:23:25.835831" elapsed="0.023466"/>
</kw>
<if>
<branch type="IF" condition="${isDate} == True">
<kw name="Evaluate" owner="BuiltIn">
<var>${expected_value}</var>
<arg>'{}-{}-{}'.format("${expected_value}".split("-")[2], "${expected_value}".split("-")[0], "${expected_value}".split("-")[1])</arg>
<doc>Evaluates the given expression in Python and returns the result.</doc>
<status status="NOT RUN" start="2025-09-24T16:23:25.859943" elapsed="0.001533"/>
</kw>
<status status="NOT RUN" start="2025-09-24T16:23:25.859494" elapsed="0.002180"/>
</branch>
<status status="PASS" start="2025-09-24T16:23:25.859450" elapsed="0.002359"/>
</if>
<kw name="Should Be Equal" owner="BuiltIn">
<arg>${actual_value}</arg>
<arg>${expected_value}</arg>
<doc>Fails if the given objects are unequal.</doc>
<status status="PASS" start="2025-09-24T16:23:25.862134" elapsed="0.000691"/>
</kw>
<kw name="Log To Console" owner="BuiltIn">
<arg>"\nVerified: ${element} = ${actual_value}"</arg>
<doc>Logs the given message to the console.</doc>
<status status="PASS" start="2025-09-24T16:23:25.863154" elapsed="0.000602"/>
</kw>
<arg>${first_name}</arg>
<arg>${customer_txt_firstname}</arg>
<status status="PASS" start="2025-09-24T16:23:25.536991" elapsed="0.326956"/>
</kw>
<kw name="Verify User Is Added" owner="CustomerPage">
<kw name="Wait Until Element Is Visible" owner="SeleniumLibrary">
<arg>${element}</arg>
<doc>Waits until the element ``locator`` is visible.</doc>
<status status="PASS" start="2025-09-24T16:23:25.865160" elapsed="0.058463"/>
</kw>
<kw name="Get Element Attribute" owner="SeleniumLibrary">
<msg time="2025-09-24T16:23:25.959423" level="INFO">${actual_value} = Howell</msg>
<var>${actual_value}</var>
<arg>${element}</arg>
<arg>value</arg>
<doc>Returns the value of ``attribute`` from the element ``locator``.</doc>
<status status="PASS" start="2025-09-24T16:23:25.923905" elapsed="0.035596"/>
</kw>
<if>
<branch type="IF" condition="${isDate} == True">
<kw name="Evaluate" owner="BuiltIn">
<var>${expected_value}</var>
<arg>'{}-{}-{}'.format("${expected_value}".split("-")[2], "${expected_value}".split("-")[0], "${expected_value}".split("-")[1])</arg>
<doc>Evaluates the given expression in Python and returns the result.</doc>
<status status="NOT RUN" start="2025-09-24T16:23:25.960336" elapsed="0.000086"/>
</kw>
<status status="NOT RUN" start="2025-09-24T16:23:25.959882" elapsed="0.000642"/>
</branch>
<status status="PASS" start="2025-09-24T16:23:25.959835" elapsed="0.000776"/>
</if>
<kw name="Should Be Equal" owner="BuiltIn">
<arg>${actual_value}</arg>
<arg>${expected_value}</arg>
<doc>Fails if the given objects are unequal.</doc>
<status status="PASS" start="2025-09-24T16:23:25.963377" elapsed="0.000836"/>
</kw>
<kw name="Log To Console" owner="BuiltIn">
<arg>"\nVerified: ${element} = ${actual_value}"</arg>
<doc>Logs the given message to the console.</doc>
<status status="PASS" start="2025-09-24T16:23:25.964512" elapsed="0.001816"/>
</kw>
<arg>${last_name}</arg>
<arg>${customer_txt_lastname}</arg>
<status status="PASS" start="2025-09-24T16:23:25.864393" elapsed="0.102153"/>
</kw>
<kw name="Verify User Is Added" owner="CustomerPage">
<kw name="Wait Until Element Is Visible" owner="SeleniumLibrary">
<arg>${element}</arg>
<doc>Waits until the element ``locator`` is visible.</doc>
<status status="PASS" start="2025-09-24T16:23:25.967766" elapsed="0.042564"/>
</kw>
<kw name="Get Element Attribute" owner="SeleniumLibrary">
<msg time="2025-09-24T16:23:26.060704" level="INFO">${actual_value} = Shanna@melissa.tv</msg>
<var>${actual_value}</var>
<arg>${element}</arg>
<arg>value</arg>
<doc>Returns the value of ``attribute`` from the element ``locator``.</doc>
<status status="PASS" start="2025-09-24T16:23:26.012397" elapsed="0.048495"/>
</kw>
<if>
<branch type="IF" condition="${isDate} == True">
<kw name="Evaluate" owner="BuiltIn">
<var>${expected_value}</var>
<arg>'{}-{}-{}'.format("${expected_value}".split("-")[2], "${expected_value}".split("-")[0], "${expected_value}".split("-")[1])</arg>
<doc>Evaluates the given expression in Python and returns the result.</doc>
<status status="NOT RUN" start="2025-09-24T16:23:26.062197" elapsed="0.000100"/>
</kw>
<status status="NOT RUN" start="2025-09-24T16:23:26.061330" elapsed="0.001073"/>
</branch>
<status status="PASS" start="2025-09-24T16:23:26.061230" elapsed="0.001259"/>
</if>
<kw name="Should Be Equal" owner="BuiltIn">
<arg>${actual_value}</arg>
<arg>${expected_value}</arg>
<doc>Fails if the given objects are unequal.</doc>
<status status="PASS" start="2025-09-24T16:23:26.062727" elapsed="0.000632"/>
</kw>
<kw name="Log To Console" owner="BuiltIn">
<arg>"\nVerified: ${element} = ${actual_value}"</arg>
<doc>Logs the given message to the console.</doc>
<status status="PASS" start="2025-09-24T16:23:26.063736" elapsed="0.001355"/>
</kw>
<arg>${email}</arg>
<arg>${customer_txt_email}</arg>
<status status="PASS" start="2025-09-24T16:23:25.966991" elapsed="0.098309"/>
</kw>
<kw name="Verify User Is Added" owner="CustomerPage">
<kw name="Wait Until Element Is Visible" owner="SeleniumLibrary">
<arg>${element}</arg>
<doc>Waits until the element ``locator`` is visible.</doc>
<status status="PASS" start="2025-09-24T16:23:26.067024" elapsed="0.035350"/>
</kw>
<kw name="Get Element Attribute" owner="SeleniumLibrary">
<msg time="2025-09-24T16:23:26.126869" level="INFO">${actual_value} = 1972-08-26</msg>
<var>${actual_value}</var>
<arg>${element}</arg>
<arg>value</arg>
<doc>Returns the value of ``attribute`` from the element ``locator``.</doc>
<status status="PASS" start="2025-09-24T16:23:26.102684" elapsed="0.024277"/>
</kw>
<if>
<branch type="IF" condition="${isDate} == True">
<kw name="Evaluate" owner="BuiltIn">
<msg time="2025-09-24T16:23:26.128702" level="INFO">${expected_value} = 1972-08-26</msg>
<var>${expected_value}</var>
<arg>'{}-{}-{}'.format("${expected_value}".split("-")[2], "${expected_value}".split("-")[0], "${expected_value}".split("-")[1])</arg>
<doc>Evaluates the given expression in Python and returns the result.</doc>
<status status="PASS" start="2025-09-24T16:23:26.127757" elapsed="0.001018"/>
</kw>
<status status="PASS" start="2025-09-24T16:23:26.127208" elapsed="0.001674"/>
</branch>
<status status="PASS" start="2025-09-24T16:23:26.127147" elapsed="0.001844"/>
</if>
<kw name="Should Be Equal" owner="BuiltIn">
<arg>${actual_value}</arg>
<arg>${expected_value}</arg>
<doc>Fails if the given objects are unequal.</doc>
<status status="PASS" start="2025-09-24T16:23:26.129187" elapsed="0.000365"/>
</kw>
<kw name="Log To Console" owner="BuiltIn">
<arg>"\nVerified: ${element} = ${actual_value}"</arg>
<doc>Logs the given message to the console.</doc>
<status status="PASS" start="2025-09-24T16:23:26.129756" elapsed="0.000747"/>
</kw>
<arg>${birthday}</arg>
<arg>${customer_txt_birthday}</arg>
<arg>True</arg>
<status status="PASS" start="2025-09-24T16:23:26.065798" elapsed="0.064889"/>
</kw>
<kw name="Verify User Is Added" owner="CustomerPage">
<kw name="Wait Until Element Is Visible" owner="SeleniumLibrary">
<arg>${element}</arg>
<doc>Waits until the element ``locator`` is visible.</doc>
<status status="PASS" start="2025-09-24T16:23:26.131718" elapsed="0.032519"/>
</kw>
<kw name="Get Element Attribute" owner="SeleniumLibrary">
<msg time="2025-09-24T16:23:26.187630" level="INFO">${actual_value} = Victor Plains</msg>
<var>${actual_value}</var>
<arg>${element}</arg>
<arg>value</arg>
<doc>Returns the value of ``attribute`` from the element ``locator``.</doc>
<status status="PASS" start="2025-09-24T16:23:26.164518" elapsed="0.023202"/>
</kw>
<if>
<branch type="IF" condition="${isDate} == True">
<kw name="Evaluate" owner="BuiltIn">
<var>${expected_value}</var>
<arg>'{}-{}-{}'.format("${expected_value}".split("-")[2], "${expected_value}".split("-")[0], "${expected_value}".split("-")[1])</arg>
<doc>Evaluates the given expression in Python and returns the result.</doc>
<status status="NOT RUN" start="2025-09-24T16:23:26.188337" elapsed="0.000064"/>
</kw>
<status status="NOT RUN" start="2025-09-24T16:23:26.187921" elapsed="0.000659"/>
</branch>
<status status="PASS" start="2025-09-24T16:23:26.187876" elapsed="0.000784"/>
</if>
<kw name="Should Be Equal" owner="BuiltIn">
<arg>${actual_value}</arg>
<arg>${expected_value}</arg>
<doc>Fails if the given objects are unequal.</doc>
<status status="PASS" start="2025-09-24T16:23:26.188844" elapsed="0.000434"/>
</kw>
<kw name="Log To Console" owner="BuiltIn">
<arg>"\nVerified: ${element} = ${actual_value}"</arg>
<doc>Logs the given message to the console.</doc>
<status status="PASS" start="2025-09-24T16:23:26.189492" elapsed="0.000446"/>
</kw>
<arg>${address}</arg>
<arg>${customer_txt_address}</arg>
<status status="PASS" start="2025-09-24T16:23:26.131086" elapsed="0.059022"/>
</kw>
<kw name="Verify User Is Added" owner="CustomerPage">
<kw name="Wait Until Element Is Visible" owner="SeleniumLibrary">
<arg>${element}</arg>
<doc>Waits until the element ``locator`` is visible.</doc>
<status status="PASS" start="2025-09-24T16:23:26.191117" elapsed="0.028955"/>
</kw>
<kw name="Get Element Attribute" owner="SeleniumLibrary">
<msg time="2025-09-24T16:23:26.242667" level="INFO">${actual_value} = Wisokyburgh</msg>
<var>${actual_value}</var>
<arg>${element}</arg>
<arg>value</arg>
<doc>Returns the value of ``attribute`` from the element ``locator``.</doc>
<status status="PASS" start="2025-09-24T16:23:26.220355" elapsed="0.022392"/>
</kw>
<if>
<branch type="IF" condition="${isDate} == True">
<kw name="Evaluate" owner="BuiltIn">
<var>${expected_value}</var>
<arg>'{}-{}-{}'.format("${expected_value}".split("-")[2], "${expected_value}".split("-")[0], "${expected_value}".split("-")[1])</arg>
<doc>Evaluates the given expression in Python and returns the result.</doc>
<status status="NOT RUN" start="2025-09-24T16:23:26.243527" elapsed="0.000065"/>
</kw>
<status status="NOT RUN" start="2025-09-24T16:23:26.243120" elapsed="0.000558"/>
</branch>
<status status="PASS" start="2025-09-24T16:23:26.243058" elapsed="0.000694"/>
</if>
<kw name="Should Be Equal" owner="BuiltIn">
<arg>${actual_value}</arg>
<arg>${expected_value}</arg>
<doc>Fails if the given objects are unequal.</doc>
<status status="PASS" start="2025-09-24T16:23:26.244410" elapsed="0.000486"/>
</kw>
<kw name="Log To Console" owner="BuiltIn">
<arg>"\nVerified: ${element} = ${actual_value}"</arg>
<doc>Logs the given message to the console.</doc>
<status status="PASS" start="2025-09-24T16:23:26.245167" elapsed="0.000471"/>
</kw>
<arg>${city}</arg>
<arg>${customer_txt_city}</arg>
<status status="PASS" start="2025-09-24T16:23:26.190489" elapsed="0.055288"/>
</kw>
<kw name="Verify User Is Added" owner="CustomerPage">
<kw name="Wait Until Element Is Visible" owner="SeleniumLibrary">
<arg>${element}</arg>
<doc>Waits until the element ``locator`` is visible.</doc>
<status status="PASS" start="2025-09-24T16:23:26.246811" elapsed="0.030842"/>
</kw>
<kw name="Get Element Attribute" owner="SeleniumLibrary">
<msg time="2025-09-24T16:23:26.304480" level="INFO">${actual_value} = test</msg>
<var>${actual_value}</var>
<arg>${element}</arg>
<arg>value</arg>
<doc>Returns the value of ``attribute`` from the element ``locator``.</doc>
<status status="PASS" start="2025-09-24T16:23:26.279363" elapsed="0.025211"/>
</kw>
<if>
<branch type="IF" condition="${isDate} == True">
<kw name="Evaluate" owner="BuiltIn">
<var>${expected_value}</var>
<arg>'{}-{}-{}'.format("${expected_value}".split("-")[2], "${expected_value}".split("-")[0], "${expected_value}".split("-")[1])</arg>
<doc>Evaluates the given expression in Python and returns the result.</doc>
<status status="NOT RUN" start="2025-09-24T16:23:26.305181" elapsed="0.000081"/>
</kw>
<status status="NOT RUN" start="2025-09-24T16:23:26.304777" elapsed="0.000589"/>
</branch>
<status status="PASS" start="2025-09-24T16:23:26.304733" elapsed="0.000717"/>
</if>
<kw name="Should Be Equal" owner="BuiltIn">
<arg>${actual_value}</arg>
<arg>${expected_value}</arg>
<doc>Fails if the given objects are unequal.</doc>
<status status="PASS" start="2025-09-24T16:23:26.305669" elapsed="0.000503"/>
</kw>
<kw name="Log To Console" owner="BuiltIn">
<arg>"\nVerified: ${element} = ${actual_value}"</arg>
<doc>Logs the given message to the console.</doc>
<status status="PASS" start="2025-09-24T16:23:26.306434" elapsed="0.000527"/>
</kw>
<arg>${state}</arg>
<arg>${customer_txt_state}</arg>
<status status="PASS" start="2025-09-24T16:23:26.246142" elapsed="0.061004"/>
</kw>
<kw name="Verify User Is Added" owner="CustomerPage">
<kw name="Wait Until Element Is Visible" owner="SeleniumLibrary">
<arg>${element}</arg>
<doc>Waits until the element ``locator`` is visible.</doc>
<status status="PASS" start="2025-09-24T16:23:26.308159" elapsed="0.034262"/>
</kw>
<kw name="Get Element Attribute" owner="SeleniumLibrary">
<msg time="2025-09-24T16:23:26.368354" level="INFO">${actual_value} = 90566-7771</msg>
<var>${actual_value}</var>
<arg>${element}</arg>
<arg>value</arg>
<doc>Returns the value of ``attribute`` from the element ``locator``.</doc>
<status status="PASS" start="2025-09-24T16:23:26.342718" elapsed="0.025716"/>
</kw>
<if>
<branch type="IF" condition="${isDate} == True">
<kw name="Evaluate" owner="BuiltIn">
<var>${expected_value}</var>
<arg>'{}-{}-{}'.format("${expected_value}".split("-")[2], "${expected_value}".split("-")[0], "${expected_value}".split("-")[1])</arg>
<doc>Evaluates the given expression in Python and returns the result.</doc>
<status status="NOT RUN" start="2025-09-24T16:23:26.369029" elapsed="0.000067"/>
</kw>
<status status="NOT RUN" start="2025-09-24T16:23:26.368633" elapsed="0.000554"/>
</branch>
<status status="PASS" start="2025-09-24T16:23:26.368589" elapsed="0.000671"/>
</if>
<kw name="Should Be Equal" owner="BuiltIn">
<arg>${actual_value}</arg>
<arg>${expected_value}</arg>
<doc>Fails if the given objects are unequal.</doc>
<status status="PASS" start="2025-09-24T16:23:26.369451" elapsed="0.000389"/>
</kw>
<kw name="Log To Console" owner="BuiltIn">
<arg>"\nVerified: ${element} = ${actual_value}"</arg>
<doc>Logs the given message to the console.</doc>
<status status="PASS" start="2025-09-24T16:23:26.370063" elapsed="0.000528"/>
</kw>
<arg>${zipcode}</arg>
<arg>${customer_txt_zipcode}</arg>
<status status="PASS" start="2025-09-24T16:23:26.307533" elapsed="0.063226"/>
</kw>
<arg>${i}</arg>
<status status="PASS" start="2025-09-24T16:23:16.944328" elapsed="9.426556"/>
</kw>
<var name="${i}">{'id': 2, 'name': 'Ervin Howell', 'username': 'Antonette', 'email': 'Shanna@melissa.tv', 'address': {'street': 'Victor Plains', 'suite': 'Suite 879', 'city': 'Wisokyburgh', 'zipcode': '90566-7771', 'g...</var>
<status status="PASS" start="2025-09-24T16:23:16.943901" elapsed="9.427078"/>
</iter>
<iter>
<kw name="Create User" owner="CustomerPage">
<kw name="Random Birthday" owner="api">
<msg time="2025-09-24T16:23:26.372393" level="INFO">${birthday} = 10-08-1987</msg>
<var>${birthday}</var>
<status status="PASS" start="2025-09-24T16:23:26.372136" elapsed="0.000315"/>
</kw>
<kw name="Go To Customer Page" owner="CustomerPage">
<kw name="Wait Until Keyword Succeeds" owner="BuiltIn">
<kw name="Click Element" owner="SeleniumLibrary">
<msg time="2025-09-24T16:23:26.373911" level="INFO">Clicking element '//a[@href="#/customers"]'.</msg>
<arg>${nav_btn_customer}</arg>
<doc>Click the element identified by ``locator``.</doc>
<status status="PASS" start="2025-09-24T16:23:26.373567" elapsed="0.137021"/>
</kw>
<arg>5x</arg>
<arg>1s</arg>
<arg>Click Element</arg>
<arg>${nav_btn_customer}</arg>
<doc>Runs the specified keyword and retries if it fails.</doc>
<status status="PASS" start="2025-09-24T16:23:26.373198" elapsed="0.137589"/>
</kw>
<kw name="Refresh Current Page" owner="App">
<kw name="Click Button" owner="SeleniumLibrary">
<msg time="2025-09-24T16:23:26.512273" level="INFO">Clicking button '//button[@aria-label="Refresh"]'.</msg>
<arg>${btn_refresh}</arg>
<doc>Clicks the button identified by ``locator``.</doc>
<status status="PASS" start="2025-09-24T16:23:26.511808" elapsed="0.820028"/>
</kw>
<kw name="Wait Until Element Is Visible" owner="SeleniumLibrary">
<arg>${loading_icon}</arg>
<doc>Waits until the element ``locator`` is visible.</doc>
<status status="PASS" start="2025-09-24T16:23:27.332345" elapsed="0.037729"/>
</kw>
<kw name="Wait Until Element Is Not Visible" owner="SeleniumLibrary">
<arg>${loading_icon}</arg>
<doc>Waits until the element ``locator`` is not visible.</doc>
<status status="PASS" start="2025-09-24T16:23:27.370353" elapsed="0.570270"/>
</kw>
<status status="PASS" start="2025-09-24T16:23:26.511277" elapsed="1.430192"/>
</kw>
<status status="PASS" start="2025-09-24T16:23:26.372699" elapsed="1.569048"/>
</kw>
<kw name="Wait Until Keyword Succeeds" owner="BuiltIn">
<kw name="Wait Until Element Is Visible" owner="SeleniumLibrary">
<arg>${customer_btn_create}</arg>
<doc>Waits until the element ``locator`` is visible.</doc>
<status status="PASS" start="2025-09-24T16:23:27.943120" elapsed="0.063289"/>
</kw>
<arg>5x</arg>
<arg>.5s</arg>
<arg>Wait Until Element Is Visible</arg>
<arg>${customer_btn_create}</arg>
<doc>Runs the specified keyword and retries if it fails.</doc>
<status status="PASS" start="2025-09-24T16:23:27.942238" elapsed="0.064570"/>
</kw>
<kw name="Click Element" owner="SeleniumLibrary">
<msg time="2025-09-24T16:23:28.008600" level="INFO">Clicking element '//a[@aria-label="Create"]'.</msg>
<arg>${customer_btn_create}</arg>
<doc>Click the element identified by ``locator``.</doc>
<status status="PASS" start="2025-09-24T16:23:28.007475" elapsed="0.189447"/>
</kw>
<kw name="Wait Until Element Is Visible" owner="SeleniumLibrary">
<arg>${customer_txt_firstname}</arg>
<doc>Waits until the element ``locator`` is visible.</doc>
<status status="PASS" start="2025-09-24T16:23:28.198385" elapsed="0.157260"/>
</kw>
<kw name="Set Variable And Input Text" owner="CustomerPage">
<kw name="Input Text" owner="SeleniumLibrary">
<msg time="2025-09-24T16:23:28.357725" level="INFO">Typing text 'Clementine' into text field '//input[@name="first_name"]'.</msg>
<arg>${element_to_input}</arg>
<arg>${value}</arg>
<doc>Types the given ``text`` into the text field identified by ``locator``.</doc>
<status status="PASS" start="2025-09-24T16:23:28.357343" elapsed="0.250417"/>
</kw>
<return>
<value>${value}</value>
<status status="PASS" start="2025-09-24T16:23:28.607931" elapsed="0.000118"/>
</return>
<msg time="2025-09-24T16:23:28.608353" level="INFO">${first_name} = Clementine</msg>
<var>${first_name}</var>
<arg>${user["name"].split(" ")[0]}</arg>
<arg>${customer_txt_firstname}</arg>
<status status="PASS" start="2025-09-24T16:23:28.356043" elapsed="0.252370"/>
</kw>
<kw name="Set Variable And Input Text" owner="CustomerPage">
<kw name="Input Text" owner="SeleniumLibrary">
<msg time="2025-09-24T16:23:28.617495" level="INFO">Typing text 'Bauch' into text field '//input[@name="last_name"]'.</msg>
<arg>${element_to_input}</arg>
<arg>${value}</arg>
<doc>Types the given ``text`` into the text field identified by ``locator``.</doc>
<status status="PASS" start="2025-09-24T16:23:28.617038" elapsed="0.264411"/>
</kw>
<return>
<value>${value}</value>
<status status="PASS" start="2025-09-24T16:23:28.881617" elapsed="0.000098"/>
</return>
<msg time="2025-09-24T16:23:28.882061" level="INFO">${last_name} = Bauch</msg>
<var>${last_name}</var>
<arg>${user["name"].split(" ")[1]}</arg>
<arg>${customer_txt_lastname}</arg>
<status status="PASS" start="2025-09-24T16:23:28.608726" elapsed="0.273405"/>
</kw>
<kw name="Set Variable And Input Text" owner="CustomerPage">
<kw name="Input Text" owner="SeleniumLibrary">
<msg time="2025-09-24T16:23:28.886826" level="INFO">Typing text 'Nathan@yesenia.net' into text field '//input[@name="email"]'.</msg>
<arg>${element_to_input}</arg>
<arg>${value}</arg>
<doc>Types the given ``text`` into the text field identified by ``locator``.</doc>
<status status="PASS" start="2025-09-24T16:23:28.886373" elapsed="0.277349"/>
</kw>
<return>
<value>${value}</value>
<status status="PASS" start="2025-09-24T16:23:29.164062" elapsed="0.000182"/>
</return>
<msg time="2025-09-24T16:23:29.164789" level="INFO">${email} = Nathan@yesenia.net</msg>
<var>${email}</var>
<arg>${user["email"]}</arg>
<arg>${customer_txt_email}</arg>
<status status="PASS" start="2025-09-24T16:23:28.883647" elapsed="0.281250"/>
</kw>
<kw name="Set Variable And Input Text" owner="CustomerPage">
<kw name="Input Text" owner="SeleniumLibrary">
<msg time="2025-09-24T16:23:29.166879" level="INFO">Typing text '10-08-1987' into text field '//input[@name="birthday"]'.</msg>
<arg>${element_to_input}</arg>
<arg>${value}</arg>
<doc>Types the given ``text`` into the text field identified by ``locator``.</doc>
<status status="PASS" start="2025-09-24T16:23:29.166331" elapsed="0.251531"/>
</kw>
<return>
<value>${value}</value>
<status status="PASS" start="2025-09-24T16:23:29.419197" elapsed="0.000133"/>
</return>
<msg time="2025-09-24T16:23:29.419684" level="INFO">${birthday} = 10-08-1987</msg>
<var>${birthday}</var>
<arg>${birthday}</arg>
<arg>${customer_txt_birthday}</arg>
<status status="PASS" start="2025-09-24T16:23:29.165502" elapsed="0.254252"/>
</kw>
<kw name="Set Variable And Input Text" owner="CustomerPage">
<kw name="Input Text" owner="SeleniumLibrary">
<msg time="2025-09-24T16:23:29.422163" level="INFO">Typing text 'Douglas Extension' into text field '//textarea[@name="address"]'.</msg>
<arg>${element_to_input}</arg>
<arg>${value}</arg>
<doc>Types the given ``text`` into the text field identified by ``locator``.</doc>
<status status="PASS" start="2025-09-24T16:23:29.421743" elapsed="0.261997"/>
</kw>
<return>
<value>${value}</value>
<status status="PASS" start="2025-09-24T16:23:29.684074" elapsed="0.000157"/>
</return>
<msg time="2025-09-24T16:23:29.684670" level="INFO">${address} = Douglas Extension</msg>
<var>${address}</var>
<arg>${user["address"]["street"]}</arg>
<arg>${customer_txt_address}</arg>
<status status="PASS" start="2025-09-24T16:23:29.420272" elapsed="0.264501"/>
</kw>
<kw name="Set Variable And Input Text" owner="CustomerPage">
<kw name="Input Text" owner="SeleniumLibrary">
<msg time="2025-09-24T16:23:29.688041" level="INFO">Typing text 'McKenziehaven' into text field '//input[@name="city"]'.</msg>
<arg>${element_to_input}</arg>
<arg>${value}</arg>
<doc>Types the given ``text`` into the text field identified by ``locator``.</doc>
<status status="PASS" start="2025-09-24T16:23:29.687553" elapsed="0.270818"/>
</kw>
<return>
<value>${value}</value>
<status status="PASS" start="2025-09-24T16:23:29.958577" elapsed="0.000107"/>
</return>
<msg time="2025-09-24T16:23:29.959062" level="INFO">${city} = McKenziehaven</msg>
<var>${city}</var>
<arg>${user["address"]["city"]}</arg>
<arg>${customer_txt_city}</arg>
<status status="PASS" start="2025-09-24T16:23:29.685244" elapsed="0.273892"/>
</kw>
<kw name="Set Variable And Input Text" owner="CustomerPage">
<kw name="Input Text" owner="SeleniumLibrary">
<msg time="2025-09-24T16:23:29.963345" level="INFO">Typing text 'test' into text field '//input[@name="stateAbbr"]'.</msg>
<arg>${element_to_input}</arg>
<arg>${value}</arg>
<doc>Types the given ``text`` into the text field identified by ``locator``.</doc>
<status status="PASS" start="2025-09-24T16:23:29.962250" elapsed="0.222613"/>
</kw>
<return>
<value>${value}</value>
<status status="PASS" start="2025-09-24T16:23:30.185171" elapsed="0.000110"/>
</return>
<msg time="2025-09-24T16:23:30.185616" level="INFO">${state} = test</msg>
<var>${state}</var>
<arg>test</arg>
<arg>${customer_txt_state}</arg>
<status status="PASS" start="2025-09-24T16:23:29.959560" elapsed="0.226125"/>
</kw>
<kw name="Set Variable And Input Text" owner="CustomerPage">
<kw name="Input Text" owner="SeleniumLibrary">
<msg time="2025-09-24T16:23:30.187834" level="INFO">Typing text '59590-4157' into text field '//input[@name="zipcode"]'.</msg>
<arg>${element_to_input}</arg>
<arg>${value}</arg>
<doc>Types the given ``text`` into the text field identified by ``locator``.</doc>
<status status="PASS" start="2025-09-24T16:23:30.187435" elapsed="0.256291"/>
</kw>
<return>
<value>${value}</value>
<status status="PASS" start="2025-09-24T16:23:30.444037" elapsed="0.000116"/>
</return>
<msg time="2025-09-24T16:23:30.444506" level="INFO">${zipcode} = 59590-4157</msg>
<var>${zipcode}</var>
<arg>${user["address"]["zipcode"]}</arg>
<arg>${customer_txt_zipcode}</arg>
<status status="PASS" start="2025-09-24T16:23:30.186065" elapsed="0.258796"/>
</kw>
<kw name="Set Variable And Input Text" owner="CustomerPage">
<kw name="Input Text" owner="SeleniumLibrary">
<msg time="2025-09-24T16:23:30.447248" level="INFO">Typing text 'test' into text field '//input[@name="password"]'.</msg>
<arg>${element_to_input}</arg>
<arg>${value}</arg>
<doc>Types the given ``text`` into the text field identified by ``locator``.</doc>
<status status="PASS" start="2025-09-24T16:23:30.446585" elapsed="0.240998"/>
</kw>
<return>
<value>${value}</value>
<status status="PASS" start="2025-09-24T16:23:30.687761" elapsed="0.000088"/>
</return>
<msg time="2025-09-24T16:23:30.688166" level="INFO">${password} = test</msg>
<var>${password}</var>
<arg>test</arg>
<arg>${customer_txt_password}</arg>
<status status="PASS" start="2025-09-24T16:23:30.445479" elapsed="0.242748"/>
</kw>
<kw name="Set Variable And Input Text" owner="CustomerPage">
<kw name="Input Text" owner="SeleniumLibrary">
<msg time="2025-09-24T16:23:30.689515" level="INFO">Typing text 'test' into text field '//input[@name="confirm_password"]'.</msg>
<arg>${element_to_input}</arg>
<arg>${value}</arg>
<doc>Types the given ``text`` into the text field identified by ``locator``.</doc>
<status status="PASS" start="2025-09-24T16:23:30.689118" elapsed="0.233368"/>
</kw>
<return>
<value>${value}</value>
<status status="PASS" start="2025-09-24T16:23:30.922694" elapsed="0.000110"/>
</return>
<arg>test</arg>
<arg>${customer_txt_confirm_password}</arg>
<status status="PASS" start="2025-09-24T16:23:30.688533" elapsed="0.234689"/>
</kw>
<kw name="Click Element" owner="SeleniumLibrary">
<msg time="2025-09-24T16:23:30.924178" level="INFO">Clicking element '//button[@aria-label="Save"]'.</msg>
<arg>${customer_btn_save}</arg>
<doc>Click the element identified by ``locator``.</doc>
<status status="PASS" start="2025-09-24T16:23:30.923613" elapsed="0.210054"/>
</kw>
<kw name="Sleep" owner="BuiltIn">
<msg time="2025-09-24T16:23:33.135240" level="INFO">Slept 2 seconds.</msg>
<arg>2s</arg>
<doc>Pauses the test executed for the given time.</doc>
<status status="PASS" start="2025-09-24T16:23:31.134170" elapsed="2.001397"/>
</kw>
<kw name="Go To Customer Page" owner="CustomerPage">
<kw name="Wait Until Keyword Succeeds" owner="BuiltIn">
<kw name="Click Element" owner="SeleniumLibrary">
<msg time="2025-09-24T16:23:33.140123" level="INFO">Clicking element '//a[@href="#/customers"]'.</msg>
<arg>${nav_btn_customer}</arg>
<doc>Click the element identified by ``locator``.</doc>
<status status="PASS" start="2025-09-24T16:23:33.139259" elapsed="0.148156"/>
</kw>
<arg>5x</arg>
<arg>1s</arg>
<arg>Click Element</arg>
<arg>${nav_btn_customer}</arg>
<doc>Runs the specified keyword and retries if it fails.</doc>
<status status="PASS" start="2025-09-24T16:23:33.137872" elapsed="0.149723"/>
</kw>
<kw name="Refresh Current Page" owner="App">
<kw name="Click Button" owner="SeleniumLibrary">
<msg time="2025-09-24T16:23:33.289803" level="INFO">Clicking button '//button[@aria-label="Refresh"]'.</msg>
<arg>${btn_refresh}</arg>
<doc>Clicks the button identified by ``locator``.</doc>
<status status="PASS" start="2025-09-24T16:23:33.289383" elapsed="0.955784"/>
</kw>
<kw name="Wait Until Element Is Visible" owner="SeleniumLibrary">
<arg>${loading_icon}</arg>
<doc>Waits until the element ``locator`` is visible.</doc>
<status status="PASS" start="2025-09-24T16:23:34.245631" elapsed="0.036723"/>
</kw>
<kw name="Wait Until Element Is Not Visible" owner="SeleniumLibrary">
<arg>${loading_icon}</arg>
<doc>Waits until the element ``locator`` is not visible.</doc>
<status status="PASS" start="2025-09-24T16:23:34.282635" elapsed="0.583297"/>
</kw>
<status status="PASS" start="2025-09-24T16:23:33.288118" elapsed="1.578561"/>
</kw>
<status status="PASS" start="2025-09-24T16:23:33.136257" elapsed="1.731165"/>
</kw>
<kw name="Wait Until Element Is Visible" owner="SeleniumLibrary">
<arg>${first_table_row}</arg>
<doc>Waits until the element ``locator`` is visible.</doc>
<status status="PASS" start="2025-09-24T16:23:34.868535" elapsed="0.074502"/>
</kw>
<kw name="Click Element" owner="SeleniumLibrary">
<msg time="2025-09-24T16:23:34.945544" level="INFO">Clicking element '//*[@id="main-content"]/div/div[1]/div[2]/div/div[2]/table/tbody/tr[1]'.</msg>
<arg>${first_table_row}</arg>
<doc>Click the element identified by ``locator``.</doc>
<status status="PASS" start="2025-09-24T16:23:34.943906" elapsed="0.231181"/>
</kw>
<kw name="Verify User Is Added" owner="CustomerPage">
<kw name="Wait Until Element Is Visible" owner="SeleniumLibrary">
<arg>${element}</arg>
<doc>Waits until the element ``locator`` is visible.</doc>
<status status="PASS" start="2025-09-24T16:23:35.179796" elapsed="0.273660"/>
</kw>
<kw name="Get Element Attribute" owner="SeleniumLibrary">
<msg time="2025-09-24T16:23:35.482099" level="INFO">${actual_value} = Clementine</msg>
<var>${actual_value}</var>
<arg>${element}</arg>
<arg>value</arg>
<doc>Returns the value of ``attribute`` from the element ``locator``.</doc>
<status status="PASS" start="2025-09-24T16:23:35.453738" elapsed="0.028444"/>
</kw>
<if>
<branch type="IF" condition="${isDate} == True">
<kw name="Evaluate" owner="BuiltIn">
<var>${expected_value}</var>
<arg>'{}-{}-{}'.format("${expected_value}".split("-")[2], "${expected_value}".split("-")[0], "${expected_value}".split("-")[1])</arg>
<doc>Evaluates the given expression in Python and returns the result.</doc>
<status status="NOT RUN" start="2025-09-24T16:23:35.482764" elapsed="0.000061"/>
</kw>
<status status="NOT RUN" start="2025-09-24T16:23:35.482383" elapsed="0.000528"/>
</branch>
<status status="PASS" start="2025-09-24T16:23:35.482338" elapsed="0.000664"/>
</if>
<kw name="Should Be Equal" owner="BuiltIn">
<arg>${actual_value}</arg>
<arg>${expected_value}</arg>
<doc>Fails if the given objects are unequal.</doc>
<status status="PASS" start="2025-09-24T16:23:35.483199" elapsed="0.000389"/>
</kw>
<kw name="Log To Console" owner="BuiltIn">
<arg>"\nVerified: ${element} = ${actual_value}"</arg>
<doc>Logs the given message to the console.</doc>
[...]
<kw name="Input Text" owner="SeleniumLibrary">
<msg time="2025-09-24T16:23:50.117498" level="INFO">Typing text 'test' into text field '//input[@name="confirm_password"]'.</msg>
<arg>${element_to_input}</arg>
<arg>${value}</arg>
<doc>Types the given ``text`` into the text field identified by ``locator``.</doc>
<status status="PASS" start="2025-09-24T16:23:50.116844" elapsed="0.236445"/>
</kw>
<return>
<value>${value}</value>
<status status="PASS" start="2025-09-24T16:23:50.353497" elapsed="0.000112"/>
</return>
<arg>test</arg>
<arg>${customer_txt_confirm_password}</arg>
<status status="PASS" start="2025-09-24T16:23:50.115927" elapsed="0.237931"/>
</kw>
<kw name="Click Element" owner="SeleniumLibrary">
<msg time="2025-09-24T16:23:50.354521" level="INFO">Clicking element '//button[@aria-label="Save"]'.</msg>
<arg>${customer_btn_save}</arg>
<doc>Click the element identified by ``locator``.</doc>
<status status="PASS" start="2025-09-24T16:23:50.354148" elapsed="0.204799"/>
</kw>
<kw name="Sleep" owner="BuiltIn">
<msg time="2025-09-24T16:23:52.559912" level="INFO">Slept 2 seconds.</msg>
<arg>2s</arg>
<doc>Pauses the test executed for the given time.</doc>
<status status="PASS" start="2025-09-24T16:23:50.559287" elapsed="2.001003"/>
</kw>
<kw name="Go To Customer Page" owner="CustomerPage">
<kw name="Wait Until Keyword Succeeds" owner="BuiltIn">
<kw name="Click Element" owner="SeleniumLibrary">
<msg time="2025-09-24T16:23:52.563367" level="INFO">Clicking element '//a[@href="#/customers"]'.</msg>
<arg>${nav_btn_customer}</arg>
<doc>Click the element identified by ``locator``.</doc>
<status status="PASS" start="2025-09-24T16:23:52.562663" elapsed="0.148139"/>
</kw>
<arg>5x</arg>
<arg>1s</arg>
<arg>Click Element</arg>
<arg>${nav_btn_customer}</arg>
<doc>Runs the specified keyword and retries if it fails.</doc>
<status status="PASS" start="2025-09-24T16:23:52.561941" elapsed="0.150484"/>
</kw>
<kw name="Refresh Current Page" owner="App">
<kw name="Click Button" owner="SeleniumLibrary">
<msg time="2025-09-24T16:23:52.714923" level="INFO">Clicking button '//button[@aria-label="Refresh"]'.</msg>
<arg>${btn_refresh}</arg>
<doc>Clicks the button identified by ``locator``.</doc>
<status status="PASS" start="2025-09-24T16:23:52.714505" elapsed="0.955840"/>
</kw>
<kw name="Wait Until Element Is Visible" owner="SeleniumLibrary">
<arg>${loading_icon}</arg>
<doc>Waits until the element ``locator`` is visible.</doc>
<status status="PASS" start="2025-09-24T16:23:53.670685" elapsed="0.058118"/>
</kw>
<kw name="Wait Until Element Is Not Visible" owner="SeleniumLibrary">
<arg>${loading_icon}</arg>
<doc>Waits until the element ``locator`` is not visible.</doc>
<status status="PASS" start="2025-09-24T16:23:53.729221" elapsed="0.591397"/>
</kw>
<status status="PASS" start="2025-09-24T16:23:52.712832" elapsed="1.608541"/>
</kw>
<status status="PASS" start="2025-09-24T16:23:52.560949" elapsed="1.761435"/>
</kw>
<kw name="Wait Until Element Is Visible" owner="SeleniumLibrary">
<arg>${first_table_row}</arg>
<doc>Waits until the element ``locator`` is visible.</doc>
<status status="PASS" start="2025-09-24T16:23:54.323028" elapsed="0.084839"/>
</kw>
<kw name="Click Element" owner="SeleniumLibrary">
<msg time="2025-09-24T16:23:54.409532" level="INFO">Clicking element '//*[@id="main-content"]/div/div[1]/div[2]/div/div[2]/table/tbody/tr[1]'.</msg>
<arg>${first_table_row}</arg>
<doc>Click the element identified by ``locator``.</doc>
<status status="PASS" start="2025-09-24T16:23:54.408598" elapsed="0.201065"/>
</kw>
<kw name="Verify User Is Added" owner="CustomerPage">
<kw name="Wait Until Element Is Visible" owner="SeleniumLibrary">
<arg>${element}</arg>
<doc>Waits until the element ``locator`` is visible.</doc>
<status status="PASS" start="2025-09-24T16:23:54.611209" elapsed="0.273054"/>
</kw>
<kw name="Get Element Attribute" owner="SeleniumLibrary">
<msg time="2025-09-24T16:23:54.911095" level="INFO">${actual_value} = Chelsey</msg>
<var>${actual_value}</var>
<arg>${element}</arg>
<arg>value</arg>
<doc>Returns the value of ``attribute`` from the element ``locator``.</doc>
<status status="PASS" start="2025-09-24T16:23:54.884546" elapsed="0.026625"/>
</kw>
<if>
<branch type="IF" condition="${isDate} == True">
<kw name="Evaluate" owner="BuiltIn">
<var>${expected_value}</var>
<arg>'{}-{}-{}'.format("${expected_value}".split("-")[2], "${expected_value}".split("-")[0], "${expected_value}".split("-")[1])</arg>
<doc>Evaluates the given expression in Python and returns the result.</doc>
<status status="NOT RUN" start="2025-09-24T16:23:54.911767" elapsed="0.000065"/>
</kw>
<status status="NOT RUN" start="2025-09-24T16:23:54.911378" elapsed="0.000543"/>
</branch>
<status status="PASS" start="2025-09-24T16:23:54.911330" elapsed="0.000680"/>
</if>
<kw name="Should Be Equal" owner="BuiltIn">
<arg>${actual_value}</arg>
<arg>${expected_value}</arg>
<doc>Fails if the given objects are unequal.</doc>
<status status="PASS" start="2025-09-24T16:23:54.912232" elapsed="0.000402"/>
</kw>
<kw name="Log To Console" owner="BuiltIn">
<arg>"\nVerified: ${element} = ${actual_value}"</arg>
<doc>Logs the given message to the console.</doc>
<status status="PASS" start="2025-09-24T16:23:54.912850" elapsed="0.000770"/>
</kw>
<arg>${first_name}</arg>
<arg>${customer_txt_firstname}</arg>
<status status="PASS" start="2025-09-24T16:23:54.610180" elapsed="0.303622"/>
</kw>
<kw name="Verify User Is Added" owner="CustomerPage">
<kw name="Wait Until Element Is Visible" owner="SeleniumLibrary">
<arg>${element}</arg>
<doc>Waits until the element ``locator`` is visible.</doc>
<status status="PASS" start="2025-09-24T16:23:54.914837" elapsed="0.051658"/>
</kw>
<kw name="Get Element Attribute" owner="SeleniumLibrary">
<msg time="2025-09-24T16:23:55.001350" level="INFO">${actual_value} = Dietrich</msg>
<var>${actual_value}</var>
<arg>${element}</arg>
<arg>value</arg>
<doc>Returns the value of ``attribute`` from the element ``locator``.</doc>
<status status="PASS" start="2025-09-24T16:23:54.966779" elapsed="0.034655"/>
</kw>
<if>
<branch type="IF" condition="${isDate} == True">
<kw name="Evaluate" owner="BuiltIn">
<var>${expected_value}</var>
<arg>'{}-{}-{}'.format("${expected_value}".split("-")[2], "${expected_value}".split("-")[0], "${expected_value}".split("-")[1])</arg>
<doc>Evaluates the given expression in Python and returns the result.</doc>
<status status="NOT RUN" start="2025-09-24T16:23:55.002062" elapsed="0.000067"/>
</kw>
<status status="NOT RUN" start="2025-09-24T16:23:55.001637" elapsed="0.000581"/>
</branch>
<status status="PASS" start="2025-09-24T16:23:55.001593" elapsed="0.000699"/>
</if>
<kw name="Should Be Equal" owner="BuiltIn">
<arg>${actual_value}</arg>
<arg>${expected_value}</arg>
<doc>Fails if the given objects are unequal.</doc>
<status status="PASS" start="2025-09-24T16:23:55.002465" elapsed="0.000380"/>
</kw>
<kw name="Log To Console" owner="BuiltIn">
<arg>"\nVerified: ${element} = ${actual_value}"</arg>
<doc>Logs the given message to the console.</doc>
<status status="PASS" start="2025-09-24T16:23:55.003394" elapsed="0.000547"/>
</kw>
<arg>${last_name}</arg>
<arg>${customer_txt_lastname}</arg>
<status status="PASS" start="2025-09-24T16:23:54.914215" elapsed="0.089972"/>
</kw>
<kw name="Verify User Is Added" owner="CustomerPage">
<kw name="Wait Until Element Is Visible" owner="SeleniumLibrary">
<arg>${element}</arg>
<doc>Waits until the element ``locator`` is visible.</doc>
<status status="PASS" start="2025-09-24T16:23:55.006567" elapsed="0.044116"/>
</kw>
<kw name="Get Element Attribute" owner="SeleniumLibrary">
<msg time="2025-09-24T16:23:55.094884" level="INFO">${actual_value} = Lucio_Hettinger@annie.ca</msg>
<var>${actual_value}</var>
<arg>${element}</arg>
<arg>value</arg>
<doc>Returns the value of ``attribute`` from the element ``locator``.</doc>
<status status="PASS" start="2025-09-24T16:23:55.051099" elapsed="0.043904"/>
</kw>
<if>
<branch type="IF" condition="${isDate} == True">
<kw name="Evaluate" owner="BuiltIn">
<var>${expected_value}</var>
<arg>'{}-{}-{}'.format("${expected_value}".split("-")[2], "${expected_value}".split("-")[0], "${expected_value}".split("-")[1])</arg>
<doc>Evaluates the given expression in Python and returns the result.</doc>
<status status="NOT RUN" start="2025-09-24T16:23:55.096620" elapsed="0.000081"/>
</kw>
<status status="NOT RUN" start="2025-09-24T16:23:55.096166" elapsed="0.000639"/>
</branch>
<status status="PASS" start="2025-09-24T16:23:55.096107" elapsed="0.000785"/>
</if>
<kw name="Should Be Equal" owner="BuiltIn">
<arg>${actual_value}</arg>
<arg>${expected_value}</arg>
<doc>Fails if the given objects are unequal.</doc>
<status status="PASS" start="2025-09-24T16:23:55.097154" elapsed="0.000459"/>
</kw>
<kw name="Log To Console" owner="BuiltIn">
<arg>"\nVerified: ${element} = ${actual_value}"</arg>
<doc>Logs the given message to the console.</doc>
<status status="PASS" start="2025-09-24T16:23:55.097888" elapsed="0.000893"/>
</kw>
<arg>${email}</arg>
<arg>${customer_txt_email}</arg>
<status status="PASS" start="2025-09-24T16:23:55.004644" elapsed="0.094409"/>
</kw>
<kw name="Verify User Is Added" owner="CustomerPage">
<kw name="Wait Until Element Is Visible" owner="SeleniumLibrary">
<arg>${element}</arg>
<doc>Waits until the element ``locator`` is visible.</doc>
<status status="PASS" start="2025-09-24T16:23:55.100207" elapsed="0.041590"/>
</kw>
<kw name="Get Element Attribute" owner="SeleniumLibrary">
<msg time="2025-09-24T16:23:55.166137" level="INFO">${actual_value} = 1976-04-22</msg>
<var>${actual_value}</var>
<arg>${element}</arg>
<arg>value</arg>
<doc>Returns the value of ``attribute`` from the element ``locator``.</doc>
<status status="PASS" start="2025-09-24T16:23:55.142107" elapsed="0.024109"/>
</kw>
<if>
<branch type="IF" condition="${isDate} == True">
<kw name="Evaluate" owner="BuiltIn">
<msg time="2025-09-24T16:23:55.167368" level="INFO">${expected_value} = 1976-04-22</msg>
<var>${expected_value}</var>
<arg>'{}-{}-{}'.format("${expected_value}".split("-")[2], "${expected_value}".split("-")[0], "${expected_value}".split("-")[1])</arg>
<doc>Evaluates the given expression in Python and returns the result.</doc>
<status status="PASS" start="2025-09-24T16:23:55.166785" elapsed="0.000647"/>
</kw>
<status status="PASS" start="2025-09-24T16:23:55.166413" elapsed="0.001117"/>
</branch>
<status status="PASS" start="2025-09-24T16:23:55.166370" elapsed="0.001234"/>
</if>
<kw name="Should Be Equal" owner="BuiltIn">
<arg>${actual_value}</arg>
<arg>${expected_value}</arg>
<doc>Fails if the given objects are unequal.</doc>
<status status="PASS" start="2025-09-24T16:23:55.167798" elapsed="0.000375"/>
</kw>
<kw name="Log To Console" owner="BuiltIn">
<arg>"\nVerified: ${element} = ${actual_value}"</arg>
<doc>Logs the given message to the console.</doc>
<status status="PASS" start="2025-09-24T16:23:55.168380" elapsed="0.000437"/>
</kw>
<arg>${birthday}</arg>
<arg>${customer_txt_birthday}</arg>
<arg>True</arg>
<status status="PASS" start="2025-09-24T16:23:55.099466" elapsed="0.069864"/>
</kw>
<kw name="Verify User Is Added" owner="CustomerPage">
<kw name="Wait Until Element Is Visible" owner="SeleniumLibrary">
<arg>${element}</arg>
<doc>Waits until the element ``locator`` is visible.</doc>
<status status="PASS" start="2025-09-24T16:23:55.170464" elapsed="0.030618"/>
</kw>
<kw name="Get Element Attribute" owner="SeleniumLibrary">
<msg time="2025-09-24T16:23:55.229583" level="INFO">${actual_value} = Skiles Walks</msg>
<var>${actual_value}</var>
<arg>${element}</arg>
<arg>value</arg>
<doc>Returns the value of ``attribute`` from the element ``locator``.</doc>
<status status="PASS" start="2025-09-24T16:23:55.201981" elapsed="0.027689"/>
</kw>
<if>
<branch type="IF" condition="${isDate} == True">
<kw name="Evaluate" owner="BuiltIn">
<var>${expected_value}</var>
<arg>'{}-{}-{}'.format("${expected_value}".split("-")[2], "${expected_value}".split("-")[0], "${expected_value}".split("-")[1])</arg>
<doc>Evaluates the given expression in Python and returns the result.</doc>
<status status="NOT RUN" start="2025-09-24T16:23:55.230339" elapsed="0.000063"/>
</kw>
<status status="NOT RUN" start="2025-09-24T16:23:55.229906" elapsed="0.000585"/>
</branch>
<status status="PASS" start="2025-09-24T16:23:55.229833" elapsed="0.000733"/>
</if>
<kw name="Should Be Equal" owner="BuiltIn">
<arg>${actual_value}</arg>
<arg>${expected_value}</arg>
<doc>Fails if the given objects are unequal.</doc>
<status status="PASS" start="2025-09-24T16:23:55.230780" elapsed="0.000409"/>
</kw>
<kw name="Log To Console" owner="BuiltIn">
<arg>"\nVerified: ${element} = ${actual_value}"</arg>
<doc>Logs the given message to the console.</doc>
<status status="PASS" start="2025-09-24T16:23:55.231403" elapsed="0.000644"/>
</kw>
<arg>${address}</arg>
<arg>${customer_txt_address}</arg>
<status status="PASS" start="2025-09-24T16:23:55.169711" elapsed="0.062505"/>
</kw>
<kw name="Verify User Is Added" owner="CustomerPage">
<kw name="Wait Until Element Is Visible" owner="SeleniumLibrary">
<arg>${element}</arg>
<doc>Waits until the element ``locator`` is visible.</doc>
<status status="PASS" start="2025-09-24T16:23:55.233462" elapsed="0.031475"/>
</kw>
<kw name="Get Element Attribute" owner="SeleniumLibrary">
<msg time="2025-09-24T16:23:55.288224" level="INFO">${actual_value} = Roscoeview</msg>
<var>${actual_value}</var>
<arg>${element}</arg>
<arg>value</arg>
<doc>Returns the value of ``attribute`` from the element ``locator``.</doc>
<status status="PASS" start="2025-09-24T16:23:55.265451" elapsed="0.022855"/>
</kw>
<if>
<branch type="IF" condition="${isDate} == True">
<kw name="Evaluate" owner="BuiltIn">
<var>${expected_value}</var>
<arg>'{}-{}-{}'.format("${expected_value}".split("-")[2], "${expected_value}".split("-")[0], "${expected_value}".split("-")[1])</arg>
<doc>Evaluates the given expression in Python and returns the result.</doc>
<status status="NOT RUN" start="2025-09-24T16:23:55.288922" elapsed="0.000079"/>
</kw>
<status status="NOT RUN" start="2025-09-24T16:23:55.288514" elapsed="0.000582"/>
</branch>
<status status="PASS" start="2025-09-24T16:23:55.288468" elapsed="0.000705"/>
</if>
<kw name="Should Be Equal" owner="BuiltIn">
<arg>${actual_value}</arg>
<arg>${expected_value}</arg>
<doc>Fails if the given objects are unequal.</doc>
<status status="PASS" start="2025-09-24T16:23:55.289355" elapsed="0.000553"/>
</kw>
<kw name="Log To Console" owner="BuiltIn">
<arg>"\nVerified: ${element} = ${actual_value}"</arg>
<doc>Logs the given message to the console.</doc>
<status status="PASS" start="2025-09-24T16:23:55.290204" elapsed="0.000974"/>
</kw>
<arg>${city}</arg>
<arg>${customer_txt_city}</arg>
<status status="PASS" start="2025-09-24T16:23:55.232586" elapsed="0.058785"/>
</kw>
<kw name="Verify User Is Added" owner="CustomerPage">
<kw name="Wait Until Element Is Visible" owner="SeleniumLibrary">
<arg>${element}</arg>
<doc>Waits until the element ``locator`` is visible.</doc>
<status status="PASS" start="2025-09-24T16:23:55.292565" elapsed="0.031537"/>
</kw>
<kw name="Get Element Attribute" owner="SeleniumLibrary">
<msg time="2025-09-24T16:23:55.346708" level="INFO">${actual_value} = test</msg>
<var>${actual_value}</var>
<arg>${element}</arg>
<arg>value</arg>
<doc>Returns the value of ``attribute`` from the element ``locator``.</doc>
<status status="PASS" start="2025-09-24T16:23:55.324392" elapsed="0.022395"/>
</kw>
<if>
<branch type="IF" condition="${isDate} == True">
<kw name="Evaluate" owner="BuiltIn">
<var>${expected_value}</var>
<arg>'{}-{}-{}'.format("${expected_value}".split("-")[2], "${expected_value}".split("-")[0], "${expected_value}".split("-")[1])</arg>
<doc>Evaluates the given expression in Python and returns the result.</doc>
<status status="NOT RUN" start="2025-09-24T16:23:55.347391" elapsed="0.000073"/>
</kw>
<status status="NOT RUN" start="2025-09-24T16:23:55.347006" elapsed="0.000560"/>
</branch>
<status status="PASS" start="2025-09-24T16:23:55.346944" elapsed="0.000841"/>
</if>
<kw name="Should Be Equal" owner="BuiltIn">
<arg>${actual_value}</arg>
<arg>${expected_value}</arg>
<doc>Fails if the given objects are unequal.</doc>
<status status="PASS" start="2025-09-24T16:23:55.348058" elapsed="0.000516"/>
</kw>
<kw name="Log To Console" owner="BuiltIn">
<arg>"\nVerified: ${element} = ${actual_value}"</arg>
<doc>Logs the given message to the console.</doc>
<status status="PASS" start="2025-09-24T16:23:55.349083" elapsed="0.000667"/>
</kw>
<arg>${state}</arg>
<arg>${customer_txt_state}</arg>
<status status="PASS" start="2025-09-24T16:23:55.291790" elapsed="0.058230"/>
</kw>
<kw name="Verify User Is Added" owner="CustomerPage">
<kw name="Wait Until Element Is Visible" owner="SeleniumLibrary">
<arg>${element}</arg>
<doc>Waits until the element ``locator`` is visible.</doc>
<status status="PASS" start="2025-09-24T16:23:55.351039" elapsed="0.031259"/>
</kw>
<kw name="Get Element Attribute" owner="SeleniumLibrary">
<msg time="2025-09-24T16:23:55.406277" level="INFO">${actual_value} = 33263</msg>
<var>${actual_value}</var>
<arg>${element}</arg>
<arg>value</arg>
<doc>Returns the value of ``attribute`` from the element ``locator``.</doc>
<status status="PASS" start="2025-09-24T16:23:55.382581" elapsed="0.023777"/>
</kw>
<if>
<branch type="IF" condition="${isDate} == True">
<kw name="Evaluate" owner="BuiltIn">
<var>${expected_value}</var>
<arg>'{}-{}-{}'.format("${expected_value}".split("-")[2], "${expected_value}".split("-")[0], "${expected_value}".split("-")[1])</arg>
<doc>Evaluates the given expression in Python and returns the result.</doc>
<status status="NOT RUN" start="2025-09-24T16:23:55.407179" elapsed="0.000087"/>
</kw>
<status status="NOT RUN" start="2025-09-24T16:23:55.406681" elapsed="0.000695"/>
</branch>
<status status="PASS" start="2025-09-24T16:23:55.406533" elapsed="0.000929"/>
</if>
<kw name="Should Be Equal" owner="BuiltIn">
<arg>${actual_value}</arg>
<arg>${expected_value}</arg>
<doc>Fails if the given objects are unequal.</doc>
<status status="PASS" start="2025-09-24T16:23:55.407683" elapsed="0.000457"/>
</kw>
<kw name="Log To Console" owner="BuiltIn">
<arg>"\nVerified: ${element} = ${actual_value}"</arg>
<doc>Logs the given message to the console.</doc>
<status status="PASS" start="2025-09-24T16:23:55.408368" elapsed="0.000495"/>
</kw>
<arg>${zipcode}</arg>
<arg>${customer_txt_zipcode}</arg>
<status status="PASS" start="2025-09-24T16:23:55.350409" elapsed="0.058632"/>
</kw>
<arg>${i}</arg>
<status status="PASS" start="2025-09-24T16:23:46.055071" elapsed="9.354111"/>
</kw>
<var name="${i}">{'id': 5, 'name': 'Chelsey Dietrich', 'username': 'Kamren', 'email': 'Lucio_Hettinger@annie.ca', 'address': {'street': 'Skiles Walks', 'suite': 'Suite 351', 'city': 'Roscoeview', 'zipcode': '33263', '...</var>
<status status="PASS" start="2025-09-24T16:23:46.054549" elapsed="9.354716"/>
</iter>
<var>${i}</var>
<value>@{users}</value>
<status status="PASS" start="2025-09-24T16:23:04.857093" elapsed="50.552275"/>
</for>
<kw name="Sleep" owner="BuiltIn">
<msg time="2025-09-24T16:25:35.410692" level="INFO">Slept 1 minute 40 seconds.</msg>
<arg>100s</arg>
<doc>Pauses the test executed for the given time.</doc>
<status status="PASS" start="2025-09-24T16:23:55.409727" elapsed="100.001157"/>
</kw>
<doc>TASK 1: ADD FIRST 5 USERS</doc>
<status status="PASS" start="2025-09-24T16:23:03.426859" elapsed="151.984414"/>
</test>
<status status="PASS" start="2025-09-24T16:22:59.004105" elapsed="156.410984"/>
</suite>
<statistics>
<total>
<stat pass="1" fail="0" skip="0">All Tests</stat>
</total>
<tag>
</tag>
<suite>
<stat name="Final Activity" id="s1" pass="1" fail="0" skip="0">Final Activity</stat>
</suite>
</statistics>
<errors>
<msg time="2025-09-24T16:22:59.332582" level="WARN">Error in file '/home/citco/Desktop/QA Automation/test_qa_1/Resources/CustomerPage.resource' on line 53: The '[Return]' setting is deprecated. Use the 'RETURN' statement instead.</msg>
</errors>
</robot>
